#
# A fatal error has been detected by the Java Runtime Environment:
#
#  EXCEPTION_ACCESS_VIOLATION (0xc0000005) at pc=0x00007fff8554f011, pid=5636, tid=6840
#
# JRE version: Java(TM) SE Runtime Environment (25.0+37) (build 25+37-LTS-3491)
# Java VM: Java HotSpot(TM) 64-Bit Server VM (25+37-LTS-3491, mixed mode, sharing, tiered, compressed oops, compressed class ptrs, g1 gc, windows-amd64)
# Problematic frame:
# C  [awt.dll+0xdf011]
#
# No core dump will be written. Minidumps are not enabled by default on client versions of Windows
#
# If you would like to submit a bug report, please visit:
#   https://bugreport.java.com/bugreport/crash.jsp
# The crash happened outside the Java Virtual Machine in native code.
# See problematic frame for where to report the bug.
#

---------------  S U M M A R Y ------------

Command Line: -Dfile.encoding=UTF-8 IGU.Index

Host: Intel(R) Core(TM) i5-2400 CPU @ 3.10GHz, 4 cores, 15G,  Windows 10 , 64 bit Build 19041 (10.0.19041.5072)
Time: Wed Oct 15 19:06:49 2025 Hora estándar de Venezuela elapsed time: 1713.516659 seconds (0d 0h 28m 33s)

---------------  T H R E A D  ---------------

Current thread (0x000001aeffee0c60):  JavaThread "AWT-Windows" daemon [_thread_in_native, id=6840, stack(0x000000415c800000,0x000000415c900000) (1024K)]

Stack: [0x000000415c800000,0x000000415c900000],  sp=0x000000415c8fe860,  free space=1018k
Native frames: (J=compiled Java code, j=interpreted, Vv=VM code, C=native code)
C  [awt.dll+0xdf011]  (no source info available)
C  [awt.dll+0x98b2c]  (no source info available)
C  [awt.dll+0x98bd6]  (no source info available)
C  [awt.dll+0x95f59]  (no source info available)
C  [awt.dll+0xe373b]  (no source info available)
C  [awt.dll+0xb2e4d]  (no source info available)
C  [awt.dll+0x99110]  (no source info available)
C  [USER32.dll+0xef5c]  (no source info available)
C  [USER32.dll+0xe9de]  (no source info available)
C  [awt.dll+0x16613]  (no source info available)
C  [COMCTL32.dll+0x89aaa]  (no source info available)
C  [COMCTL32.dll+0x898a7]  (no source info available)
C  [USER32.dll+0xef5c]  (no source info available)
C  [USER32.dll+0xe684]  (no source info available)
C  [awt.dll+0xd839e]  (no source info available)
C  [awt.dll+0xda2c2]  (no source info available)
C  0x000001aef0b5d093  (no source info available)

The last pc belongs to native method entry point (kind = native) (printed below).
Java frames: (J=compiled Java code, j=interpreted, Vv=VM code)
j  sun.awt.windows.WToolkit.eventLoop()V+0 java.desktop@25
j  sun.awt.windows.WToolkit.run()V+56 java.desktop@25
j  java.lang.Thread.runWith(Ljava/lang/Object;Ljava/lang/Runnable;)V+5 java.base@25
j  java.lang.Thread.run()V+19 java.base@25
v  ~StubRoutines::call_stub 0x000001aef0b512ed

siginfo: EXCEPTION_ACCESS_VIOLATION (0xc0000005), reading address 0x000001ae00000039


Registers:
RAX=0x000001ae00000031, RBX=0x000001ae8b08f960, RCX=0x0000000000000000, RDX=0x0000000000000000
RSP=0x000000415c8fe860, RBP=0x000000415c8fe979, RSI=0x00000000210112cc, RDI=0x0000000000000000
R8 =0x0000000000000001, R9 =0x000000415c8fe979, R10=0x0000000000000000, R11=0x0000000000000246
R12=0x0000000000000000, R13=0x0000000000000001, R14=0x000001ae8432e7b0, R15=0x0000000000000000
RIP=0x00007fff8554f011, EFLAGS=0x0000000000010246

XMM[0]=0x0000000000000000 0x0000000000000000
XMM[1]=0x0000000000000000 0x0000000000000000
XMM[2]=0x0000000000000000 0x0000000000000000
XMM[3]=0x0000000000000000 0x0000000000000000
XMM[4]=0x0000000000000000 0x0000000000000000
XMM[5]=0x0000000000000000 0x0000000000000000
XMM[6]=0x0000000000000000 0x0000000000000000
XMM[7]=0x0000000000000000 0x0000000000000000
XMM[8]=0x0000000000000000 0x0000000000000000
XMM[9]=0x0000000000000000 0x0000000000000000
XMM[10]=0x0000000000000000 0x0000000000000000
XMM[11]=0x0000000000000000 0x0000000000000000
XMM[12]=0x0000000000000000 0x0000000000000000
XMM[13]=0x0000000000000000 0x0000000000000000
XMM[14]=0x0000000000000000 0x0000000000000000
XMM[15]=0x0000000000000000 0x0000000000000000
  MXCSR=0x00001fa0


Register to memory mapping:

RAX=0x000001ae00000031 is an unknown value
RBX=0x000001ae8b08f960 points into unknown readable memory: 0x000001ae8a376b00 | 00 6b 37 8a ae 01 00 00
RCX=0x0 is null
RDX=0x0 is null
RSP=0x000000415c8fe860 is pointing into the stack for thread: 0x000001aeffee0c60
RBP=0x000000415c8fe979 is pointing into the stack for thread: 0x000001aeffee0c60
RSI=0x00000000210112cc is an unknown value
RDI=0x0 is null
R8 =0x0000000000000001 is an unknown value
R9 =0x000000415c8fe979 is pointing into the stack for thread: 0x000001aeffee0c60
R10=0x0 is null
R11=0x0000000000000246 is an unknown value
R12=0x0 is null
R13=0x0000000000000001 is an unknown value
R14=0x000001ae8432e7b0 points into unknown readable memory: 0x00007fff8557e8e0 | e0 e8 57 85 ff 7f 00 00
R15=0x0 is null

Top of Stack: (sp=0x000000415c8fe860)
0x000000415c8fe860:   00007fff855ac838 00000000210112cc   8.Z........!....
0x000000415c8fe870:   000001ae8432e7b0 000001aeffee10a8   ..2.............
0x000000415c8fe880:   0000000000000000 00007fff85508b2c   ........,.P.....
0x000000415c8fe890:   00000000210112cc 000001ae8432e7b0   ...!......2.....
0x000000415c8fe8a0:   000001ae8b08f960 00000000000c0602   `...............
0x000000415c8fe8b0:   000001aeffee10a8 00007fff85508bd6   ..........P.....
0x000000415c8fe8c0:   000001ae8432e850 0000000000000001   P.2.............
0x000000415c8fe8d0:   000000000000c15d 00007fff2ee289bc   ]...............
0x000000415c8fe8e0:   000001aeffee10a8 00007fff85505f59   ........Y_P.....
0x000000415c8fe8f0:   000001ae8432e850 0000000700000000   P.2.............
0x000000415c8fe900:   0000000000000000 00007fff85486613   .........fH.....
0x000000415c8fe910:   0000000000000000 000000415c8fec60   ........`..\A...
0x000000415c8fe920:   000000000000c15d 0000000000000000   ]...............
0x000000415c8fe930:   0000000000000310 0000000000000000   ................
0x000000415c8fe940:   0000000000000000 0000000000000000   ................
0x000000415c8fe950:   0000000000000001 00007fffa8d69877   ........w.......
0x000000415c8fe960:   000001ae8432e850 000001aeffee10a8   P.2.............
0x000000415c8fe970:   00007fff855090b0 0000000000000000   ..P.............
0x000000415c8fe980:   00004ead463aad71 00007fffa8d69993   q.:F.N..........
0x000000415c8fe990:   0000000000000001 0000000000000000   ................
0x000000415c8fe9a0:   0000000000000000 0000000000000000   ................
0x000000415c8fe9b0:   0000000000000000 0000000000000310   ................
0x000000415c8fe9c0:   0000000000000000 000001ae8432e7b0   ..........2.....
0x000000415c8fe9d0:   000001ae8432e7b0 00007fff8555373b   ..2.....;7U.....
0x000000415c8fe9e0:   0000000000000001 0000000000000000   ................
0x000000415c8fe9f0:   0000000000000000 000000415c8fea99   ...........\A...
0x000000415c8fea00:   000000000000c15d 000001ae80236aa8   ]........j#.....
0x000000415c8fea10:   0000000000000000 00000000000c0602   ................
0x000000415c8fea20:   000001aedf0a9530 00007fffa8b00317   0...............
0x000000415c8fea30:   0000000000000000 00007fffa8d69993   ................
0x000000415c8fea40:   000000415aed9800 00000000ffffffeb   ...ZA...........
0x000000415c8fea50:   0000000000000000 00004ead463aac61   ........a.:F.N..

Instructions: (pc=0x00007fff8554f011)
  0x00007fff8554ef11:   83 ec 28 66 0f 6e c2 0f 5b c0 f3 0f 59 41 48 0f
  0x00007fff8554ef21:   5a c8 f2 0f 10 05 cd 3c 03 00 f2 0f 5c 0d 05 3d
  0x00007fff8554ef31:   01 00 66 0f 2f c1 76 0a b8 00 00 00 80 48 83 c4
  0x00007fff8554ef41:   28 c3 66 0f 2f 0d 75 86 02 00 76 0a b8 ff ff ff
  0x00007fff8554ef51:   7f 48 83 c4 28 c3 0f 28 c1 e8 5b 07 01 00 f2 0f
  0x00007fff8554ef61:   2c c0 48 83 c4 28 c3 cc cc cc cc cc cc cc cc 48
  0x00007fff8554ef71:   83 ec 28 66 0f 6e c2 0f 5b c0 f3 0f 59 41 4c 0f
  0x00007fff8554ef81:   5a c8 f2 0f 10 05 6d 3c 03 00 f2 0f 5c 0d a5 3c
  0x00007fff8554ef91:   01 00 66 0f 2f c1 76 0a b8 00 00 00 80 48 83 c4
  0x00007fff8554efa1:   28 c3 66 0f 2f 0d 15 86 02 00 76 0a b8 ff ff ff
  0x00007fff8554efb1:   7f 48 83 c4 28 c3 0f 28 c1 e8 fb 06 01 00 f2 0f
  0x00007fff8554efc1:   2c c0 48 83 c4 28 c3 cc cc cc cc cc cc cc cc 48
  0x00007fff8554efd1:   8b 49 08 48 85 c9 0f 85 63 78 fe ff 33 c0 c3 48
  0x00007fff8554efe1:   89 5c 24 08 48 89 74 24 10 57 48 83 ec 20 8b fa
  0x00007fff8554eff1:   48 8b f1 e8 b7 93 f4 ff 48 8b d8 48 89 44 24 40
  0x00007fff8554f001:   41 b8 01 00 00 00 8b d7 48 8b c8 e8 0f 93 f4 ff
=>0x00007fff8554f011:   48 8b 48 08 48 85 c9 74 0d 48 8b d6 e8 1e 78 fe
  0x00007fff8554f021:   ff 48 8b f8 eb 02 33 ff 48 8b cb e8 3f 95 f4 ff
  0x00007fff8554f031:   90 48 8b c7 48 8b 5c 24 30 48 8b 74 24 38 48 83
  0x00007fff8554f041:   c4 20 5f c3 cc cc cc cc cc cc cc cc cc cc cc 48
  0x00007fff8554f051:   8b 01 89 10 c3 cc cc cc cc cc cc cc cc cc cc 40
  0x00007fff8554f061:   57 48 83 ec 40 48 83 79 38 00 48 8b f9 0f 84 b9
  0x00007fff8554f071:   01 00 00 48 8b 0d 85 9e 06 00 ba 02 00 01 00 48
  0x00007fff8554f081:   89 5c 24 58 48 89 74 24 68 e8 d0 ce 00 00 4c 8b
  0x00007fff8554f091:   05 b2 a3 06 00 48 8b c8 48 8b 57 38 48 8b d8 4c
  0x00007fff8554f0a1:   8b 08 4d 8b 91 f8 02 00 00 41 ff d2 48 8b f0 48
  0x00007fff8554f0b1:   85 c0 0f 84 6a 01 00 00 48 8b 0b 48 8b d0 4c 8b
  0x00007fff8554f0c1:   05 72 a3 06 00 4c 8b 89 00 01 00 00 48 8b cb 41
  0x00007fff8554f0d1:   ff d1 84 c0 0f 84 48 01 00 00 48 8b 03 48 8b d6
  0x00007fff8554f0e1:   48 8b 7f 08 48 8b cb 4c 8b 05 61 a3 06 00 48 81
  0x00007fff8554f0f1:   c7 00 04 00 00 48 89 6c 24 60 4c 8b 88 f8 02 00
  0x00007fff8554f101:   00 4c 89 64 24 38 41 ff d1 48 8b 0b 48 8b d6 4c


Stack slot to memory mapping:

stack at sp + 0 slots: 0x00007fff855ac838 awt.dll
stack at sp + 1 slots: 0x00000000210112cc is an unknown value
stack at sp + 2 slots: 0x000001ae8432e7b0 points into unknown readable memory: 0x00007fff8557e8e0 | e0 e8 57 85 ff 7f 00 00
stack at sp + 3 slots: 0x000001aeffee10a8 points into unknown readable memory: 0x00007fff2f626b50 | 50 6b 62 2f ff 7f 00 00
stack at sp + 4 slots: 0x0 is null
stack at sp + 5 slots: 0x00007fff85508b2c awt.dll
stack at sp + 6 slots: 0x00000000210112cc is an unknown value
stack at sp + 7 slots: 0x000001ae8432e7b0 points into unknown readable memory: 0x00007fff8557e8e0 | e0 e8 57 85 ff 7f 00 00

Lock stack of current Java thread (top to bottom):

native method entry point (kind = native)  [0x000001aef0b5ccc0, 0x000001aef0b5d7b8]  2808 bytes
[MachCode]
  0x000001aef0b5ccc0: 488b 4b08 | 0fb7 492e | 584c 8d74 | ccf8 6800 | 0000 0068 | 0000 0000 | 5055 488b | ec41 5548 
  0x000001aef0b5cce0: 8b43 084c | 8d68 3848 | 8b40 0868 | 0000 0000 | 5348 8b50 | 1848 8b52 | 7048 8b12 | 5248 8b53 
  0x000001aef0b5cd00: 1048 85d2 | 7407 4881 | c2d0 0000 | 0052 488b | 5010 5249 | 8bc6 482b | c548 c1e8 | 0350 6800 
  0x000001aef0b5cd20: 0000 0068 | f7ff ffff | 41c6 87f1 | 0400 0001 | 488b 4310 | 4885 c074 | 208b 8890 | 0000 0083 
  0x000001aef0b5cd40: c102 8988 | 9000 0000 | 2388 a400 | 0000 0f84 | b209 0000 | e9cf 0000 | 0048 8b43 | 1848 85c0 
  0x000001aef0b5cd60: 0f85 b000 | 0000 e805 | 0000 00e9 | 9900 0000 | 488b d348 | 8d44 2408 | 4c89 6dc0 | 498b cfc5 
  0x000001aef0b5cd80: f877 4989 | af38 0400 | 0049 8987 | 2804 0000 | 4883 ec20 | 40f6 c40f | 0f84 1900 | 0000 4883 
  0x000001aef0b5cda0: ec08 48b8 | e01e db2e | ff7f 0000 | ffd0 4883 | c408 e90c | 0000 0048 | b8e0 1edb | 2eff 7f00 
  0x000001aef0b5cdc0: 00ff d048 | 83c4 2049 | c787 2804 | 0000 0000 | 0000 49c7 | 8738 0400 | 0000 0000 | 0049 c787 
  0x000001aef0b5cde0: 3004 0000 | 0000 0000 | c5f8 7749 | 837f 0800 | 0f84 0500 | 0000 e9e5 | 43ff ff4c | 8b6d c04c 
  0x000001aef0b5ce00: 8b75 c84e | 8d74 f500 | c348 8b43 | 1848 85c0 | 0f84 1200 | 0000 8b48 | 0883 c102 | 8948 0823 
  0x000001aef0b5ce20: 482c 0f84 | de08 0000 | 493b a770 | 0500 000f | 8748 0000 | 0089 8424 | 00f0 ffff | 8984 2400 
  0x000001aef0b5ce40: e0ff ff89 | 8424 00d0 | ffff 8984 | 2400 c0ff | ff89 8424 | 00b0 ffff | 8984 2400 | a0ff ff89 
  0x000001aef0b5ce60: 8424 0090 | ffff 8984 | 2400 80ff | ff49 3ba7 | 6805 0000 | 7607 4989 | a770 0500 | 0041 c687 
  0x000001aef0b5ce80: f104 0000 | 0048 8b5d | e84c 8b5b | 0845 0fb7 | 5b2e 41c1 | e303 492b | e348 83ec | 2048 83e4 
  0x000001aef0b5cea0: f04c 8b5b | 604d 85db | 0f85 ab00 | 0000 e805 | 0000 00e9 | 9900 0000 | 488b d348 | 8d44 2408 
  0x000001aef0b5cec0: 4c89 6dc0 | 498b cfc5 | f877 4989 | af38 0400 | 0049 8987 | 2804 0000 | 4883 ec20 | 40f6 c40f 
  0x000001aef0b5cee0: 0f84 1900 | 0000 4883 | ec08 48b8 | 1048 db2e | ff7f 0000 | ffd0 4883 | c408 e90c | 0000 0048 
  0x000001aef0b5cf00: b810 48db | 2eff 7f00 | 00ff d048 | 83c4 2049 | c787 2804 | 0000 0000 | 0000 49c7 | 8738 0400 
  0x000001aef0b5cf20: 0000 0000 | 0049 c787 | 3004 0000 | 0000 0000 | c5f8 7749 | 837f 0800 | 0f84 0500 | 0000 e99d 
  0x000001aef0b5cf40: 42ff ff4c | 8b6d c04c | 8b75 c84e | 8d74 f500 | c348 8b5d | e84c 8b5b | 6041 ffd3 | 488b 5de8 
  0x000001aef0b5cf60: 4889 4518 | 440f b75b | 2c41 f6c3 | 080f 841b | 0000 004c | 8b5b 084d | 8b5b 084d | 8b5b 184d 
  0x000001aef0b5cf80: 8b5b 704d | 8b1b 4c89 | 5d10 488d | 5510 488b | 4358 49ba | 800e 162f | ff7f 0000 | 493b c20f 
  0x000001aef0b5cfa0: 85ab 0000 | 00e8 0500 | 0000 e999 | 0000 0048 | 8bd3 488d | 4424 084c | 896d c049 | 8bcf c5f8 
  0x000001aef0b5cfc0: 7749 89af | 3804 0000 | 4989 8728 | 0400 0048 | 83ec 2040 | f6c4 0f0f | 8419 0000 | 0048 83ec 
  0x000001aef0b5cfe0: 0848 b810 | 48db 2eff | 7f00 00ff | d048 83c4 | 08e9 0c00 | 0000 48b8 | 1048 db2e | ff7f 0000 
  0x000001aef0b5d000: ffd0 4883 | c420 49c7 | 8728 0400 | 0000 0000 | 0049 c787 | 3804 0000 | 0000 0000 | 49c7 8730 
  0x000001aef0b5d020: 0400 0000 | 0000 00c5 | f877 4983 | 7f08 000f | 8405 0000 | 00e9 a641 | ffff 4c8b | 6dc0 4c8b 
  0x000001aef0b5d040: 75c8 4e8d | 74f5 00c3 | 488b 5de8 | 488b 4358 | 498d 8f48 | 0400 004c | 8d15 d500 | 0000 4d89 
  0x000001aef0b5d060: 9730 0400 | 00c5 f877 | 4989 af38 | 0400 0049 | 89a7 2804 | 0000 41c7 | 87d4 0400 | 0004 0000 
  0x000001aef0b5d080: 0049 3ba7 | c805 0000 | 7607 4989 | a7c8 0500 | 00ff d049 | 3ba7 c805 | 0000 720b | 49c7 87c8 
  0x000001aef0b5d0a0: 0500 0000 | 0000 00c5 | f877 4883 | ec10 c5fb | 1104 2448 | 83ec 1048 | 8904 2448 | c744 2408 
  0x000001aef0b5d0c0: 0000 0000 | 41c7 87d4 | 0400 0005 | 0000 00f0 | 8344 24c0 | 0049 3b6f | 280f 870e | 0000 0041 
  0x000001aef0b5d0e0: 83bf d004 | 0000 000f | 8420 0000 | 0049 8bcf | 4c8b e448 | 83ec 2048 | 83e4 f048 | b840 acdc 
  0x000001aef0b5d100: 2eff 7f00 | 00ff d049 | 8be4 4d33 | e441 c787 | d404 0000 | 0800 0000 | 4d8b 97f0 | 0500 0049 
  0x000001aef0b5d120: 83fa 0074 | 3549 c787 | f005 0000 | 0000 0000 | 41ff e249 | ba60 beb5 | f0ae 0100 | 0041 ffd2 
  0x000001aef0b5d140: 4883 ec10 | c5fb 1104 | 2448 83ec | 1048 8904 | 2448 c744 | 2408 0000 | 0000 49c7 | 8728 0400 
  0x000001aef0b5d160: 0000 0000 | 0049 c787 | 3804 0000 | 0000 0000 | 49c7 8730 | 0400 0000 | 0000 00c5 | f877 4d8b 
  0x000001aef0b5d180: 9fb8 0400 | 0041 c783 | 0001 0000 | 0000 0000 | 49bb 5aa7 | b5f0 ae01 | 0000 4c3b | 5d18 0f85 
  0x000001aef0b5d1a0: 5501 0000 | 488b 0424 | 4883 c410 | 4885 c00f | 842f 0100 | 00a8 030f | 8508 0000 | 0048 8b00 
  0x000001aef0b5d1c0: e91f 0100 | 00a8 010f | 8509 0000 | 0048 8b40 | fee9 0e01 | 0000 488b | 40ff 4180 | 7f48 000f 
  0x000001aef0b5d1e0: 84ff 0000 | 0048 83f8 | 000f 84f5 | 0000 004d | 8b5f 384d | 85db 0f84 | 1400 0000 | 4983 eb08 
  0x000001aef0b5d200: 4d89 5f38 | 4d03 5f40 | 4989 03e9 | d400 0000 | 4883 ec70 | 4889 0424 | 4889 4c24 | 0848 8954 
  0x000001aef0b5d220: 2410 4c89 | 4424 184c | 894c 2420 | 4c89 5424 | 284c 895c | 2430 c5fb | 1144 2440 | c5fb 114c 
  0x000001aef0b5d240: 2448 c5fb | 1154 2450 | c5fb 115c | 2458 c5fb | 1164 2460 | c5fb 116c | 2468 498b | d748 8bc8 
  0x000001aef0b5d260: 4883 ec20 | 40f6 c40f | 0f84 1900 | 0000 4883 | ec08 48b8 | 2076 cf2e | ff7f 0000 | ffd0 4883 
  0x000001aef0b5d280: c408 e90c | 0000 0048 | b820 76cf | 2eff 7f00 | 00ff d048 | 83c4 20c5 | fb10 6c24 | 68c5 fb10 
  0x000001aef0b5d2a0: 6424 60c5 | fb10 5c24 | 58c5 fb10 | 5424 50c5 | fb10 4c24 | 48c5 fb10 | 4424 404c | 8b5c 2430 
  0x000001aef0b5d2c0: 4c8b 5424 | 284c 8b4c | 2420 4c8b | 4424 1848 | 8b54 2410 | 488b 4c24 | 0848 8b04 | 2448 83c4 
  0x000001aef0b5d2e0: 70c5 f877 | 4889 4510 | 4883 ec10 | 4889 0424 | 48c7 4424 | 0800 0000 | 0041 83bf | 5005 0000 
  0x000001aef0b5d300: 020f 85bf | 0000 0048 | 81ec 8000 | 0000 4889 | 4424 7848 | 894c 2470 | 4889 5424 | 6848 895c 
  0x000001aef0b5d320: 2460 4889 | 6c24 5048 | 8974 2448 | 4889 7c24 | 404c 8944 | 2438 4c89 | 4c24 304c | 8954 2428 
  0x000001aef0b5d340: 4c89 5c24 | 204c 8964 | 2418 4c89 | 6c24 104c | 8974 2408 | 4c89 3c24 | 4c8b e448 | 83ec 2048 
  0x000001aef0b5d360: 83e4 f048 | b8f0 f515 | 2fff 7f00 | 00ff d049 | 8be4 4c8b | 3c24 4c8b | 7424 084c | 8b6c 2410 
  0x000001aef0b5d380: 4c8b 6424 | 184c 8b5c | 2420 4c8b | 5424 284c | 8b4c 2430 | 4c8b 4424 | 3848 8b7c | 2440 488b 
  0x000001aef0b5d3a0: 7424 4848 | 8b6c 2450 | 488b 5c24 | 6048 8b54 | 2468 488b | 4c24 7048 | 8b44 2478 | 4881 c480 
  0x000001aef0b5d3c0: 0000 004d | 33e4 488b | 5de8 4c8b | 6b08 4d8d | 6d38 4983 | 7f08 000f | 84bb 0000 | 00e8 0500 
  0x000001aef0b5d3e0: 0000 e996 | 0000 0048 | 8d44 2408 | 4c89 6dc0 | 498b cfc5 | f877 4989 | af38 0400 | 0049 8987 
  0x000001aef0b5d400: 2804 0000 | 4883 ec20 | 40f6 c40f | 0f84 1900 | 0000 4883 | ec08 48b8 | 5066 db2e | ff7f 0000 
  0x000001aef0b5d420: ffd0 4883 | c408 e90c | 0000 0048 | b850 66db | 2eff 7f00 | 00ff d048 | 83c4 2049 | c787 2804 
  0x000001aef0b5d440: 0000 0000 | 0000 49c7 | 8738 0400 | 0000 0000 | 0049 c787 | 3004 0000 | 0000 0000 | c5f8 7749 
  0x000001aef0b5d460: 837f 0800 | 0f84 0500 | 0000 e971 | 3dff ff4c | 8b6d c04c | 8b75 c84e | 8d74 f500 | c348 b938 
  0x000001aef0b5d480: 083f 2fff | 7f00 0048 | 83e4 f048 | b850 8c02 | 2fff 7f00 | 00ff d0f4 | 440f b75b | 2c41 f6c3 
  0x000001aef0b5d4a0: 200f 8472 | 0100 0048 | 8d55 a84c | 8b5a 084d | 85db 0f85 | bb00 0000 | e805 0000 | 00e9 9600 
  0x000001aef0b5d4c0: 0000 488d | 4424 084c | 896d c049 | 8bcf c5f8 | 7749 89af | 3804 0000 | 4989 8728 | 0400 0048 
  0x000001aef0b5d4e0: 83ec 2040 | f6c4 0f0f | 8419 0000 | 0048 83ec | 0848 b880 | 65db 2eff | 7f00 00ff | d048 83c4 
  0x000001aef0b5d500: 08e9 0c00 | 0000 48b8 | 8065 db2e | ff7f 0000 | ffd0 4883 | c420 49c7 | 8728 0400 | 0000 0000 
  0x000001aef0b5d520: 0049 c787 | 3804 0000 | 0000 0000 | 49c7 8730 | 0400 0000 | 0000 00c5 | f877 4983 | 7f08 000f 
  0x000001aef0b5d540: 8405 0000 | 00e9 963c | ffff 4c8b | 6dc0 4c8b | 75c8 4e8d | 74f5 00c3 | 48b9 3808 | 3f2f ff7f 
  0x000001aef0b5d560: 0000 4883 | e4f0 48b8 | 508c 022f | ff7f 0000 | ffd0 f44c | 896d c04c | 8b4a 0848 | c742 0800 
  0x000001aef0b5d580: 0000 0045 | 8b87 d806 | 0000 4f3b | 4c07 f80f | 8542 0000 | 0041 83af | d806 0000 | 084f 3b4c 
  0x000001aef0b5d5a0: 07f0 0f84 | 2a00 0000 | 498b 01a8 | 020f 8512 | 0000 004c | 8bc0 4983 | c801 f04d | 0fb1 010f 
  0x000001aef0b5d5c0: 840d 0000 | 0041 8387 | d806 0000 | 08e9 0500 | 0000 e93e | 0000 004c | 894a 0848 | 8bca 4883 
  0x000001aef0b5d5e0: ec20 40f6 | c40f 0f84 | 1900 0000 | 4883 ec08 | 48b8 d037 | db2e ff7f | 0000 ffd0 | 4883 c408 
  0x000001aef0b5d600: e90c 0000 | 0048 b8d0 | 37db 2eff | 7f00 00ff | d048 83c4 | 204c 8b6d | c041 c687 | 9603 0000 
  0x000001aef0b5d620: 0149 3b6f | 280f 8705 | 0000 00e9 | ab00 0000 | 4883 ec10 | c5fb 1104 | 2448 83ec | 1048 8904 
  0x000001aef0b5d640: 2448 c744 | 2408 0000 | 0000 c5f8 | 7749 89af | 3804 0000 | 49ba 4ad6 | b5f0 ae01 | 0000 4d89 
  0x000001aef0b5d660: 9730 0400 | 0049 89a7 | 2804 0000 | 498b cf48 | 83ec 2040 | f6c4 0f0f | 8419 0000 | 0048 83ec 
  0x000001aef0b5d680: 0848 b870 | 1edb 2eff | 7f00 00ff | d048 83c4 | 08e9 0c00 | 0000 48b8 | 701e db2e | ff7f 0000 
  0x000001aef0b5d6a0: ffd0 4883 | c420 49c7 | 8728 0400 | 0000 0000 | 0049 c787 | 3804 0000 | 0000 0000 | 49c7 8730 
  0x000001aef0b5d6c0: 0400 0000 | 0000 00c5 | f877 488b | 0424 4883 | c410 c5fb | 1004 2448 | 83c4 1048 | 8b04 2448 
  0x000001aef0b5d6e0: 83c4 10c5 | fb10 0424 | 4883 c410 | 4c8b 5d18 | 41ff d34c | 8b5d f8c9 | 41c6 8796 | 0300 0000 
  0x000001aef0b5d700: 5f49 8be3 | ffe7 ba00 | 0000 00e8 | 0500 0000 | e996 0000 | 0048 8d44 | 2408 4c89 | 6dc0 498b 
  0x000001aef0b5d720: cfc5 f877 | 4989 af38 | 0400 0049 | 8987 2804 | 0000 4883 | ec20 40f6 | c40f 0f84 | 1900 0000 
  0x000001aef0b5d740: 4883 ec08 | 48b8 c02d | db2e ff7f | 0000 ffd0 | 4883 c408 | e90c 0000 | 0048 b8c0 | 2ddb 2eff 
  0x000001aef0b5d760: 7f00 00ff | d048 83c4 | 2049 c787 | 2804 0000 | 0000 0000 | 49c7 8738 | 0400 0000 | 0000 0049 
  0x000001aef0b5d780: c787 3004 | 0000 0000 | 0000 c5f8 | 7749 837f | 0800 0f84 | 0500 0000 | e943 3aff | ff4c 8b6d 
  0x000001aef0b5d7a0: c04c 8b75 | c84e 8d74 | f500 c348 | 8b5d e8e9 | 74f6 ffff | 0f1f 4000 
[/MachCode]

---------------  P R O C E S S  ---------------

Threads class SMR info:
_java_thread_list=0x000001ae8434a3c0, length=22, elements={
0x000001aeffa74590, 0x000001aeffa75150, 0x000001aeffa75f90, 0x000001aeffa78b60,
0x000001aeffa79720, 0x000001aeffa7a2e0, 0x000001aeffa851f0, 0x000001aeffa8d6e0,
0x000001aeffb27a80, 0x000001aeffb284c0, 0x000001ae843d0920, 0x000001aeffedd080,
0x000001aeffee0c60, 0x000001ae84747350, 0x000001aedea8e800, 0x000001aeffb296e0,
0x000001ae8a1c7740, 0x000001aeffbbd240, 0x000001ae8affe740, 0x000001ae8affc800,
0x000001ae8affef10, 0x000001ae8affb090
}

Java Threads: ( => current thread )
  0x000001aeffa74590 JavaThread "Reference Handler"          daemon [_thread_blocked, id=10700, stack(0x000000415bc00000,0x000000415bd00000) (1024K)]
  0x000001aeffa75150 JavaThread "Finalizer"                  daemon [_thread_blocked, id=13112, stack(0x000000415bd00000,0x000000415be00000) (1024K)]
  0x000001aeffa75f90 JavaThread "Signal Dispatcher"          daemon [_thread_blocked, id=9508, stack(0x000000415be00000,0x000000415bf00000) (1024K)]
  0x000001aeffa78b60 JavaThread "Attach Listener"            daemon [_thread_blocked, id=13224, stack(0x000000415bf00000,0x000000415c000000) (1024K)]
  0x000001aeffa79720 JavaThread "Service Thread"             daemon [_thread_blocked, id=8432, stack(0x000000415c000000,0x000000415c100000) (1024K)]
  0x000001aeffa7a2e0 JavaThread "Monitor Deflation Thread"   daemon [_thread_blocked, id=6640, stack(0x000000415c100000,0x000000415c200000) (1024K)]
  0x000001aeffa851f0 JavaThread "C2 CompilerThread0"         daemon [_thread_blocked, id=5232, stack(0x000000415c200000,0x000000415c300000) (1024K)]
  0x000001aeffa8d6e0 JavaThread "C1 CompilerThread0"         daemon [_thread_blocked, id=10672, stack(0x000000415c300000,0x000000415c400000) (1024K)]
  0x000001aeffb27a80 JavaThread "Notification Thread"        daemon [_thread_blocked, id=2964, stack(0x000000415c400000,0x000000415c500000) (1024K)]
  0x000001aeffb284c0 JavaThread "Common-Cleaner"             daemon [_thread_blocked, id=8224, stack(0x000000415c500000,0x000000415c600000) (1024K)]
  0x000001ae843d0920 JavaThread "Java2D Disposer"            daemon [_thread_blocked, id=12596, stack(0x000000415c600000,0x000000415c700000) (1024K)]
  0x000001aeffedd080 JavaThread "AWT-Shutdown"                      [_thread_blocked, id=7424, stack(0x000000415c700000,0x000000415c800000) (1024K)]
=>0x000001aeffee0c60 JavaThread "AWT-Windows"                daemon [_thread_in_native, id=6840, stack(0x000000415c800000,0x000000415c900000) (1024K)]
  0x000001ae84747350 JavaThread "AWT-EventQueue-0"                  [_thread_in_native, id=6800, stack(0x000000415d100000,0x000000415d200000) (1024K)]
  0x000001aedea8e800 JavaThread "DestroyJavaVM"                     [_thread_blocked, id=5164, stack(0x000000415b400000,0x000000415b500000) (1024K)]
  0x000001aeffb296e0 JavaThread "D3D Screen Updater"         daemon [_thread_blocked, id=11032, stack(0x000000415d400000,0x000000415d500000) (1024K)]
  0x000001ae8a1c7740 JavaThread "TimerQueue"                 daemon [_thread_blocked, id=12984, stack(0x000000415d500000,0x000000415d600000) (1024K)]
  0x000001aeffbbd240 JavaThread "mysql-cj-abandoned-connection-cleanup" daemon [_thread_blocked, id=4368, stack(0x000000415d300000,0x000000415d400000) (1024K)]
  0x000001ae8affe740 JavaThread "SwingWorker-pool-1-thread-1" daemon [_thread_blocked, id=3300, stack(0x000000415e000000,0x000000415e100000) (1024K)]
  0x000001ae8affc800 JavaThread "Java Sound Event Dispatcher" daemon [_thread_blocked, id=4552, stack(0x000000415e100000,0x000000415e200000) (1024K)]
  0x000001ae8affef10 JavaThread "Direct Clip"                daemon [_thread_blocked, id=5472, stack(0x000000415e400000,0x000000415e500000) (1024K)]
  0x000001ae8affb090 JavaThread "Swing-Shell"                daemon [_thread_blocked, id=5332, stack(0x000000415d800000,0x000000415d900000) (1024K)]
Total: 22

Other Threads:
  0x000001aeffa5d710 VMThread "VM Thread"                           [id=12260, stack(0x000000415bb00000,0x000000415bc00000) (1024K)]
  0x000001aee0e5ea50 WatcherThread "VM Periodic Task Thread"        [id=2092, stack(0x000000415ba00000,0x000000415bb00000) (1024K)]
  0x000001aee0df9a30 WorkerThread "GC Thread#0"                     [id=4776, stack(0x000000415b500000,0x000000415b600000) (1024K)]
  0x000001ae8a26cd60 WorkerThread "GC Thread#1"                     [id=2124, stack(0x000000415d900000,0x000000415da00000) (1024K)]
  0x000001ae846cef40 WorkerThread "GC Thread#2"                     [id=9560, stack(0x000000415da00000,0x000000415db00000) (1024K)]
  0x000001ae846cbb80 WorkerThread "GC Thread#3"                     [id=1780, stack(0x000000415db00000,0x000000415dc00000) (1024K)]
  0x000001aee0e12bc0 ConcurrentGCThread "G1 Main Marker"            [id=3092, stack(0x000000415b600000,0x000000415b700000) (1024K)]
  0x000001aee0e13f00 WorkerThread "G1 Conc#0"                       [id=5376, stack(0x000000415b700000,0x000000415b800000) (1024K)]
  0x000001aee0e48e60 ConcurrentGCThread "G1 Refine#0"               [id=5200, stack(0x000000415b800000,0x000000415b900000) (1024K)]
  0x000001aee0e49870 ConcurrentGCThread "G1 Service"                [id=7048, stack(0x000000415b900000,0x000000415ba00000) (1024K)]
Total: 10

Threads with active compile tasks:
Total: 0

VM state: not at safepoint (normal execution)

VM Mutex/Monitor currently owned by a thread: None

Heap address: 0x0000000700800000, size: 4088 MB, Compressed Oops mode: Zero based, Oop shift amount: 3

CDS archive(s) mapped at: [0x00000000a0000000-0x00000000a0dd0000-0x00000000a0dd0000), size 14483456, SharedBaseAddress: 0x00000000a0000000, ArchiveRelocationMode: 1.
Compressed class space mapped at: 0x00000000a1000000-0x00000000e1000000, reserved size: 1073741824
UseCompressedClassPointers 1, UseCompactObjectHeaders 0
Narrow klass pointer bits 32, Max shift 3
Narrow klass base: 0x00000000a0000000, Narrow klass shift: 0
Encoding Range: [0x00000000a0000000 - 0x00000001a0000000), (4294967296 bytes)
Klass Range:    [0x00000000a0010000 - 0x00000000e1000000), (1090453504 bytes)
Klass ID Range:  [65536 - 1090519033) (1090453497)
Protection zone: [0x00000000a0000000 - 0x00000000a0010000), (65536 bytes)

GC Precious Log:
 CardTable entry size: 512
 Card Set container configuration: InlinePtr #cards 4 size 8 Array Of Cards #cards 16 size 48 Howl #buckets 8 coarsen threshold 3686 Howl Bitmap #cards 512 size 80 coarsen threshold 460 Card regions per heap region 1 cards per card region 4096
 CPUs: 4 total, 4 available
 Memory: 16345M
 Large Page Support: Disabled
 NUMA Support: Disabled
 Compressed Oops: Enabled (Zero based)
 Heap Region Size: 2M
 Heap Min Capacity: 8M
 Heap Initial Capacity: 256M
 Heap Max Capacity: 4088M
 Pre-touch: Disabled
 Parallel Workers: 4
 Concurrent Workers: 1
 Concurrent Refinement Workers: 4
 Periodic GC: Disabled

Heap:
 garbage-first heap   total reserved 4186112K, committed 116736K, used 71565K [0x0000000700800000, 0x0000000800000000)
  region size 2048K, 3 young (6144K), 2 survivors (4096K)

Heap Regions: E=young(eden), S=young(survivor), O=old, HS=humongous(starts), HC=humongous(continues), CS=collection set, F=free, TAMS=top-at-mark-start, PB=parsable bottom
|   0|0x0000000700800000, 0x0000000700a00000, 0x0000000700a00000|100%|HS|  |TAMS 0x0000000700800000| PB 0x0000000700800000| Complete |  0
|   1|0x0000000700a00000, 0x0000000700c00000, 0x0000000700c00000|100%|HC|  |TAMS 0x0000000700a00000| PB 0x0000000700a00000| Complete |  0
|   2|0x0000000700c00000, 0x0000000700e00000, 0x0000000700e00000|100%|HS|  |TAMS 0x0000000700c00000| PB 0x0000000700c00000| Complete |  0
|   3|0x0000000700e00000, 0x0000000701000000, 0x0000000701000000|100%|HC|  |TAMS 0x0000000700e00000| PB 0x0000000700e00000| Complete |  0
|   4|0x0000000701000000, 0x0000000701200000, 0x0000000701200000|100%|HS|  |TAMS 0x0000000701000000| PB 0x0000000701000000| Complete |  0
|   5|0x0000000701200000, 0x0000000701400000, 0x0000000701400000|100%| O|  |TAMS 0x0000000701200000| PB 0x0000000701200000| Untracked |  0
|   6|0x0000000701400000, 0x0000000701600000, 0x0000000701600000|100%| O|  |TAMS 0x0000000701400000| PB 0x0000000701400000| Untracked |  0
|   7|0x0000000701600000, 0x0000000701800000, 0x0000000701800000|100%| O|  |TAMS 0x0000000701600000| PB 0x0000000701600000| Untracked |  0
|   8|0x0000000701800000, 0x0000000701a00000, 0x0000000701a00000|100%| O|  |TAMS 0x0000000701800000| PB 0x0000000701800000| Untracked |  0
|   9|0x0000000701a00000, 0x0000000701c00000, 0x0000000701c00000|100%| O|  |TAMS 0x0000000701a00000| PB 0x0000000701a00000| Untracked |  0
|  10|0x0000000701c00000, 0x0000000701e00000, 0x0000000701e00000|100%| O|  |TAMS 0x0000000701c00000| PB 0x0000000701c00000| Untracked |  0
|  11|0x0000000701e00000, 0x0000000702000000, 0x0000000702000000|100%| O|  |TAMS 0x0000000701e00000| PB 0x0000000701e00000| Untracked |  0
|  12|0x0000000702000000, 0x0000000702200000, 0x0000000702200000|100%| O|Cm|TAMS 0x0000000702000000| PB 0x0000000702000000| Complete |  0
|  13|0x0000000702200000, 0x0000000702400000, 0x0000000702400000|100%| O|Cm|TAMS 0x0000000702200000| PB 0x0000000702200000| Complete |  0
|  14|0x0000000702400000, 0x00000007025e3510, 0x0000000702600000| 94%| O|  |TAMS 0x0000000702400000| PB 0x0000000702400000| Untracked |  0
|  15|0x0000000702600000, 0x0000000702800000, 0x0000000702800000|100%| O|  |TAMS 0x0000000702600000| PB 0x0000000702600000| Untracked |  0
|  16|0x0000000702800000, 0x0000000702a00000, 0x0000000702a00000|100%| O|Cm|TAMS 0x0000000702800000| PB 0x0000000702800000| Complete |  0
|  17|0x0000000702a00000, 0x0000000702c00000, 0x0000000702c00000|100%| O|Cm|TAMS 0x0000000702a00000| PB 0x0000000702a00000| Complete |  0
|  18|0x0000000702c00000, 0x0000000702e00000, 0x0000000702e00000|100%| O|  |TAMS 0x0000000702c00000| PB 0x0000000702c00000| Untracked |  0
|  19|0x0000000702e00000, 0x0000000703000000, 0x0000000703000000|100%| O|Cm|TAMS 0x0000000702e00000| PB 0x0000000702e00000| Complete |  0
|  20|0x0000000703000000, 0x0000000703200000, 0x0000000703200000|100%| O|Cm|TAMS 0x0000000703000000| PB 0x0000000703000000| Complete |  0
|  21|0x0000000703200000, 0x0000000703400000, 0x0000000703400000|100%| O|Cm|TAMS 0x0000000703200000| PB 0x0000000703200000| Complete |  0
|  22|0x0000000703400000, 0x0000000703600000, 0x0000000703600000|100%| O|Cm|TAMS 0x0000000703400000| PB 0x0000000703400000| Complete |  0
|  23|0x0000000703600000, 0x0000000703800000, 0x0000000703800000|100%| O|Cm|TAMS 0x0000000703600000| PB 0x0000000703600000| Complete |  0
|  24|0x0000000703800000, 0x0000000703a00000, 0x0000000703a00000|100%| O|  |TAMS 0x0000000703800000| PB 0x0000000703800000| Untracked |  0
|  25|0x0000000703a00000, 0x0000000703c00000, 0x0000000703c00000|100%| O|  |TAMS 0x0000000703a00000| PB 0x0000000703a00000| Untracked |  0
|  26|0x0000000703c00000, 0x0000000703e00000, 0x0000000703e00000|100%| O|  |TAMS 0x0000000703c00000| PB 0x0000000703c00000| Untracked |  0
|  27|0x0000000703e00000, 0x0000000704000000, 0x0000000704000000|100%| O|  |TAMS 0x0000000703e00000| PB 0x0000000703e00000| Untracked |  0
|  28|0x0000000704000000, 0x0000000704200000, 0x0000000704200000|100%| O|  |TAMS 0x0000000704000000| PB 0x0000000704000000| Untracked |  0
|  29|0x0000000704200000, 0x0000000704400000, 0x0000000704400000|100%|HS|  |TAMS 0x0000000704200000| PB 0x0000000704200000| Complete |  0
|  30|0x0000000704400000, 0x0000000704600000, 0x0000000704600000|100%|HC|  |TAMS 0x0000000704400000| PB 0x0000000704400000| Complete |  0
|  31|0x0000000704600000, 0x0000000704800000, 0x0000000704800000|100%|HS|  |TAMS 0x0000000704600000| PB 0x0000000704600000| Complete |  0
|  32|0x0000000704800000, 0x0000000704a00000, 0x0000000704a00000|100%|HC|  |TAMS 0x0000000704800000| PB 0x0000000704800000| Complete |  0
|  33|0x0000000704a00000, 0x0000000704a00000, 0x0000000704c00000|  0%| F|  |TAMS 0x0000000704a00000| PB 0x0000000704a00000| Untracked |  0
|  34|0x0000000704c00000, 0x0000000704c00000, 0x0000000704e00000|  0%| F|  |TAMS 0x0000000704c00000| PB 0x0000000704c00000| Untracked |  0
|  35|0x0000000704e00000, 0x0000000704e00000, 0x0000000705000000|  0%| F|  |TAMS 0x0000000704e00000| PB 0x0000000704e00000| Untracked |  0
|  36|0x0000000705000000, 0x0000000705000000, 0x0000000705200000|  0%| F|  |TAMS 0x0000000705000000| PB 0x0000000705000000| Untracked |  0
|  37|0x0000000705200000, 0x0000000705200000, 0x0000000705400000|  0%| F|  |TAMS 0x0000000705200000| PB 0x0000000705200000| Untracked |  0
|  38|0x0000000705400000, 0x0000000705400000, 0x0000000705600000|  0%| F|  |TAMS 0x0000000705400000| PB 0x0000000705400000| Untracked |  0
|  39|0x0000000705600000, 0x0000000705600000, 0x0000000705800000|  0%| F|  |TAMS 0x0000000705600000| PB 0x0000000705600000| Untracked |  0
|  40|0x0000000705800000, 0x0000000705800000, 0x0000000705a00000|  0%| F|  |TAMS 0x0000000705800000| PB 0x0000000705800000| Untracked |  0
|  41|0x0000000705a00000, 0x0000000705a00000, 0x0000000705c00000|  0%| F|  |TAMS 0x0000000705a00000| PB 0x0000000705a00000| Untracked |  0
|  42|0x0000000705c00000, 0x0000000705c00000, 0x0000000705e00000|  0%| F|  |TAMS 0x0000000705c00000| PB 0x0000000705c00000| Untracked |  0
|  43|0x0000000705e00000, 0x0000000705e00000, 0x0000000706000000|  0%| F|  |TAMS 0x0000000705e00000| PB 0x0000000705e00000| Untracked |  0
|  44|0x0000000706000000, 0x0000000706000000, 0x0000000706200000|  0%| F|  |TAMS 0x0000000706000000| PB 0x0000000706000000| Untracked |  0
|  45|0x0000000706200000, 0x0000000706400000, 0x0000000706400000|100%| S|CS|TAMS 0x0000000706200000| PB 0x0000000706200000| Complete |  0
|  46|0x0000000706400000, 0x0000000706600000, 0x0000000706600000|100%| S|CS|TAMS 0x0000000706400000| PB 0x0000000706400000| Complete |  0
|  47|0x0000000706600000, 0x0000000706600000, 0x0000000706800000|  0%| F|  |TAMS 0x0000000706600000| PB 0x0000000706600000| Untracked |  0
|  48|0x0000000706800000, 0x0000000706800000, 0x0000000706a00000|  0%| F|  |TAMS 0x0000000706800000| PB 0x0000000706800000| Untracked |  0
|  49|0x0000000706a00000, 0x0000000706a00000, 0x0000000706c00000|  0%| F|  |TAMS 0x0000000706a00000| PB 0x0000000706a00000| Untracked |  0
|  50|0x0000000706c00000, 0x0000000706c00000, 0x0000000706e00000|  0%| F|  |TAMS 0x0000000706c00000| PB 0x0000000706c00000| Untracked |  0
| 116|0x000000070f000000, 0x000000070f000000, 0x000000070f200000|  0%| F|  |TAMS 0x000000070f000000| PB 0x000000070f000000| Untracked |  0
| 117|0x000000070f200000, 0x000000070f200000, 0x000000070f400000|  0%| F|  |TAMS 0x000000070f200000| PB 0x000000070f200000| Untracked |  0
| 118|0x000000070f400000, 0x000000070f400000, 0x000000070f600000|  0%| F|  |TAMS 0x000000070f400000| PB 0x000000070f400000| Untracked |  0
| 119|0x000000070f600000, 0x000000070f600000, 0x000000070f800000|  0%| F|  |TAMS 0x000000070f600000| PB 0x000000070f600000| Untracked |  0
| 127|0x0000000710600000, 0x0000000710600000, 0x0000000710800000|  0%| F|  |TAMS 0x0000000710600000| PB 0x0000000710600000| Untracked |  0
|2043|0x00000007ffe00000, 0x00000007ffee1630, 0x0000000800000000| 44%| E|  |TAMS 0x00000007ffe00000| PB 0x00000007ffe00000| Complete |  0

Card table byte_map: [0x000001aef8e20000,0x000001aef9620000] _byte_map_base: 0x000001aef561c000

Marking Bits: (CMBitMap*) 0x000001aee0dfa1c0
 Bits: [0x000001aef9620000, 0x000001aefd600000)

Polling page: 0x000001aedec70000

Metaspace:
Metaspace        used 24853K, committed 25152K, reserved 1114112K
 class space     used 2229K, committed 2368K, reserved 1048576K

Usage:
  Non-class:     22.09 MB used.
      Class:      2.18 MB used.
       Both:     24.27 MB used.

Virtual space:
  Non-class space:       64.00 MB reserved,      22.25 MB ( 35%) committed,  1 nodes.
      Class space:        1.00 GB reserved,       2.31 MB ( <1%) committed,  1 nodes.
             Both:        1.06 GB reserved,      24.56 MB (  2%) committed. 

Chunk freelists:
   Non-Class:  8.99 MB
       Class:  13.67 MB
        Both:  22.66 MB

MaxMetaspaceSize: unlimited
CompressedClassSpaceSize: 1.00 GB
Initial GC threshold: 21.00 MB
Current GC threshold: 40.88 MB
CDS: on
 - commit_granule_bytes: 65536.
 - commit_granule_words: 8192.
 - virtual_space_node_default_size: 8388608.
 - enlarge_chunks_in_place: 1.
UseCompressedClassPointers 1, UseCompactObjectHeaders 0
Narrow klass pointer bits 32, Max shift 3
Narrow klass base: 0x00000000a0000000, Narrow klass shift: 0
Encoding Range: [0x00000000a0000000 - 0x00000001a0000000), (4294967296 bytes)
Klass Range:    [0x00000000a0010000 - 0x00000000e1000000), (1090453504 bytes)
Klass ID Range:  [65536 - 1090519033) (1090453497)
Protection zone: [0x00000000a0000000 - 0x00000000a0010000), (65536 bytes)


Internal statistics:

num_allocs_failed_limit: 3.
num_arena_births: 198.
num_arena_deaths: 0.
num_vsnodes_births: 2.
num_vsnodes_deaths: 0.
num_space_committed: 393.
num_space_uncommitted: 0.
num_chunks_returned_to_freelist: 3.
num_chunks_taken_from_freelist: 461.
num_chunk_merges: 0.
num_chunk_splits: 271.
num_chunks_enlarged: 157.
num_inconsistent_stats: 0.

CodeHeap 'non-profiled nmethods': size=120064Kb used=3193Kb max_used=3906Kb free=116870Kb
 bounds [0x000001aef10e0000, 0x000001aef14c0000, 0x000001aef8620000]
CodeHeap 'profiled nmethods': size=120000Kb used=8839Kb max_used=11183Kb free=111160Kb
 bounds [0x000001aee9620000, 0x000001aeea110000, 0x000001aef0b50000]
CodeHeap 'non-nmethods': size=5696Kb used=1765Kb max_used=1903Kb free=3930Kb
 bounds [0x000001aef0b50000, 0x000001aef0dc0000, 0x000001aef10e0000]
CodeCache: size=245760Kb, used=13797Kb, max_used=16992Kb, free=231960Kb
 total_blobs=6920, nmethods=6032, adapters=788, full_count=0
Compilation: enabled, stopped_count=0, restarted_count=0

Compilation events (20 events):
Event: 1712.990 Thread 0x000001aeffa851f0 7334       4       javax.swing.JComponent::removeNotify (55 bytes)
Event: 1713.004 Thread 0x000001aeffa8d6e0 7335       1       javax.swing.plaf.metal.MetalRootPaneUI::getTitlePane (5 bytes)
Event: 1713.005 Thread 0x000001aeffa8d6e0 nmethod 7335 0x000001aef13a8508 code [0x000001aef13a8600, 0x000001aef13a86c8]
Event: 1713.009 Thread 0x000001aeffa851f0 nmethod 7334 0x000001aef12c1f08 code [0x000001aef12c2000, 0x000001aef12c3978]
Event: 1713.011 Thread 0x000001aeffa851f0 7336       4       javax.swing.plaf.metal.MetalBorders$ScrollPaneBorder::getBorderInsets (10 bytes)
Event: 1713.011 Thread 0x000001aeffa851f0 nmethod 7336 0x000001aef1453e08 code [0x000001aef1453f00, 0x000001aef1453fa8]
Event: 1713.044 Thread 0x000001aeffa8d6e0 7337       3       javax.swing.plaf.basic.BasicTableUI::uninstallUI (34 bytes)
Event: 1713.044 Thread 0x000001aeffa8d6e0 nmethod 7337 0x000001aee97cac88 code [0x000001aee97cad80, 0x000001aee97cb5f8]
Event: 1713.044 Thread 0x000001aeffa8d6e0 7338       3       javax.swing.plaf.basic.BasicTableUI::uninstallDefaults (22 bytes)
Event: 1713.044 Thread 0x000001aeffa8d6e0 nmethod 7338 0x000001aee970bb88 code [0x000001aee970bc80, 0x000001aee970c1e8]
Event: 1713.044 Thread 0x000001aeffa8d6e0 7339       3       javax.swing.plaf.basic.BasicTableUI::uninstallListeners (99 bytes)
Event: 1713.045 Thread 0x000001aeffa8d6e0 nmethod 7339 0x000001aee9cb3f88 code [0x000001aee9cb4080, 0x000001aee9cb5f08]
Event: 1713.045 Thread 0x000001aeffa8d6e0 7340       3       javax.swing.plaf.basic.BasicTableUI::uninstallKeyboardActions (18 bytes)
Event: 1713.046 Thread 0x000001aeffa8d6e0 nmethod 7340 0x000001aee9776288 code [0x000001aee9776380, 0x000001aee9776528]
Event: 1713.214 Thread 0x000001aeffa851f0 7341       4       java.lang.Boolean::valueOf (14 bytes)
Event: 1713.214 Thread 0x000001aeffa851f0 nmethod 7341 0x000001aef1453908 code [0x000001aef1453a00, 0x000001aef1453a80]
Event: 1713.224 Thread 0x000001aeffa8d6e0 7342       3       sun.java2d.d3d.D3DSurfaceData::setSurfaceLost (29 bytes)
Event: 1713.224 Thread 0x000001aeffa8d6e0 nmethod 7342 0x000001aee9703088 code [0x000001aee9703180, 0x000001aee9703560]
Event: 1713.224 Thread 0x000001aeffa8d6e0 7343       3       sun.java2d.SurfaceData::setSurfaceLost (13 bytes)
Event: 1713.224 Thread 0x000001aeffa8d6e0 nmethod 7343 0x000001aee967ce88 code [0x000001aee967cf80, 0x000001aee967d1a0]

GC Heap Usage History (20 events):
Event: 38.009 {heap Before GC invocations=5 (full 0):
 garbage-first heap   total reserved 4186112K, committed 73728K, used 56396K [0x0000000700800000, 0x0000000800000000)
  region size 2048K, 16 young (32768K), 3 survivors (6144K)
}
Event: 38.018 {heap After GC invocations=6 (full 0):
 garbage-first heap   total reserved 4186112K, committed 73728K, used 35257K [0x0000000700800000, 0x0000000800000000)
  region size 2048K, 2 young (4096K), 2 survivors (4096K)
}
Event: 109.249 {heap Before GC invocations=6 (full 0):
 garbage-first heap   total reserved 4186112K, committed 73728K, used 57785K [0x0000000700800000, 0x0000000800000000)
  region size 2048K, 13 young (26624K), 2 survivors (4096K)
}
Event: 109.254 {heap After GC invocations=7 (full 0):
 garbage-first heap   total reserved 4186112K, committed 73728K, used 38448K [0x0000000700800000, 0x0000000800000000)
  region size 2048K, 2 young (4096K), 2 survivors (4096K)
}
Event: 167.052 {heap Before GC invocations=7 (full 0):
 garbage-first heap   total reserved 4186112K, committed 73728K, used 58928K [0x0000000700800000, 0x0000000800000000)
  region size 2048K, 12 young (24576K), 2 survivors (4096K)
}
Event: 167.058 {heap After GC invocations=8 (full 0):
 garbage-first heap   total reserved 4186112K, committed 73728K, used 42929K [0x0000000700800000, 0x0000000800000000)
  region size 2048K, 2 young (4096K), 2 survivors (4096K)
}
Event: 282.207 {heap Before GC invocations=9 (full 0):
 garbage-first heap   total reserved 4186112K, committed 73728K, used 61361K [0x0000000700800000, 0x0000000800000000)
  region size 2048K, 11 young (22528K), 2 survivors (4096K)
}
Event: 282.214 {heap After GC invocations=10 (full 0):
 garbage-first heap   total reserved 4186112K, committed 73728K, used 47828K [0x0000000700800000, 0x0000000800000000)
  region size 2048K, 2 young (4096K), 2 survivors (4096K)
}
Event: 577.889 {heap Before GC invocations=10 (full 0):
 garbage-first heap   total reserved 4186112K, committed 73728K, used 62164K [0x0000000700800000, 0x0000000800000000)
  region size 2048K, 9 young (18432K), 2 survivors (4096K)
}
Event: 577.897 {heap After GC invocations=11 (full 0):
 garbage-first heap   total reserved 4186112K, committed 73728K, used 49738K [0x0000000700800000, 0x0000000800000000)
  region size 2048K, 2 young (4096K), 2 survivors (4096K)
}
Event: 578.188 {heap Before GC invocations=11 (full 0):
 garbage-first heap   total reserved 4186112K, committed 73728K, used 62026K [0x0000000700800000, 0x0000000800000000)
  region size 2048K, 8 young (16384K), 2 survivors (4096K)
}
Event: 578.193 {heap After GC invocations=12 (full 0):
 garbage-first heap   total reserved 4186112K, committed 73728K, used 52447K [0x0000000700800000, 0x0000000800000000)
  region size 2048K, 1 young (2048K), 1 survivors (2048K)
}
Event: 578.438 {heap Before GC invocations=13 (full 0):
 garbage-first heap   total reserved 4186112K, committed 90112K, used 64735K [0x0000000700800000, 0x0000000800000000)
  region size 2048K, 7 young (14336K), 1 survivors (2048K)
}
Event: 578.444 {heap After GC invocations=14 (full 0):
 garbage-first heap   total reserved 4186112K, committed 90112K, used 55271K [0x0000000700800000, 0x0000000800000000)
  region size 2048K, 1 young (2048K), 1 survivors (2048K)
}
Event: 578.805 {heap Before GC invocations=14 (full 0):
 garbage-first heap   total reserved 4186112K, committed 90112K, used 77799K [0x0000000700800000, 0x0000000800000000)
  region size 2048K, 12 young (24576K), 1 survivors (2048K)
}
Event: 578.815 {heap After GC invocations=15 (full 0):
 garbage-first heap   total reserved 4186112K, committed 90112K, used 57344K [0x0000000700800000, 0x0000000800000000)
  region size 2048K, 2 young (4096K), 2 survivors (4096K)
}
Event: 578.909 {heap Before GC invocations=15 (full 0):
 garbage-first heap   total reserved 4186112K, committed 90112K, used 63488K [0x0000000700800000, 0x0000000800000000)
  region size 2048K, 6 young (12288K), 2 survivors (4096K)
}
Event: 578.916 {heap After GC invocations=16 (full 0):
 garbage-first heap   total reserved 4186112K, committed 90112K, used 59413K [0x0000000700800000, 0x0000000800000000)
  region size 2048K, 1 young (2048K), 1 survivors (2048K)
}
Event: 1713.051 {heap Before GC invocations=17 (full 0):
 garbage-first heap   total reserved 4186112K, committed 116736K, used 86037K [0x0000000700800000, 0x0000000800000000)
  region size 2048K, 10 young (20480K), 1 survivors (2048K)
}
Event: 1713.060 {heap After GC invocations=18 (full 0):
 garbage-first heap   total reserved 4186112K, committed 116736K, used 71565K [0x0000000700800000, 0x0000000800000000)
  region size 2048K, 2 young (4096K), 2 survivors (4096K)
}

Metaspace Usage History (20 events):
Event: 38.009 {metaspace Before GC invocations=5 (full 0):
 Metaspace       used 24024K, committed 24320K, reserved 1114112K
  class space    used 2155K, committed 2304K, reserved 1048576K
}
Event: 38.018 {metaspace After GC invocations=6 (full 0):
 Metaspace       used 24024K, committed 24320K, reserved 1114112K
  class space    used 2155K, committed 2304K, reserved 1048576K
}
Event: 109.249 {metaspace Before GC invocations=6 (full 0):
 Metaspace       used 24267K, committed 24512K, reserved 1114112K
  class space    used 2177K, committed 2304K, reserved 1048576K
}
Event: 109.254 {metaspace After GC invocations=7 (full 0):
 Metaspace       used 24267K, committed 24512K, reserved 1114112K
  class space    used 2177K, committed 2304K, reserved 1048576K
}
Event: 167.052 {metaspace Before GC invocations=7 (full 0):
 Metaspace       used 24577K, committed 24896K, reserved 1114112K
  class space    used 2210K, committed 2368K, reserved 1048576K
}
Event: 167.058 {metaspace After GC invocations=8 (full 0):
 Metaspace       used 24577K, committed 24896K, reserved 1114112K
  class space    used 2210K, committed 2368K, reserved 1048576K
}
Event: 282.207 {metaspace Before GC invocations=9 (full 0):
 Metaspace       used 24667K, committed 24896K, reserved 1114112K
  class space    used 2217K, committed 2368K, reserved 1048576K
}
Event: 282.214 {metaspace After GC invocations=10 (full 0):
 Metaspace       used 24667K, committed 24896K, reserved 1114112K
  class space    used 2217K, committed 2368K, reserved 1048576K
}
Event: 577.889 {metaspace Before GC invocations=10 (full 0):
 Metaspace       used 24750K, committed 25088K, reserved 1114112K
  class space    used 2222K, committed 2368K, reserved 1048576K
}
Event: 577.897 {metaspace After GC invocations=11 (full 0):
 Metaspace       used 24750K, committed 25088K, reserved 1114112K
  class space    used 2222K, committed 2368K, reserved 1048576K
}
Event: 578.188 {metaspace Before GC invocations=11 (full 0):
 Metaspace       used 24759K, committed 25088K, reserved 1114112K
  class space    used 2223K, committed 2368K, reserved 1048576K
}
Event: 578.193 {metaspace After GC invocations=12 (full 0):
 Metaspace       used 24759K, committed 25088K, reserved 1114112K
  class space    used 2223K, committed 2368K, reserved 1048576K
}
Event: 578.438 {metaspace Before GC invocations=13 (full 0):
 Metaspace       used 24778K, committed 25088K, reserved 1114112K
  class space    used 2223K, committed 2368K, reserved 1048576K
}
Event: 578.444 {metaspace After GC invocations=14 (full 0):
 Metaspace       used 24778K, committed 25088K, reserved 1114112K
  class space    used 2223K, committed 2368K, reserved 1048576K
}
Event: 578.805 {metaspace Before GC invocations=14 (full 0):
 Metaspace       used 24791K, committed 25088K, reserved 1114112K
  class space    used 2223K, committed 2368K, reserved 1048576K
}
Event: 578.815 {metaspace After GC invocations=15 (full 0):
 Metaspace       used 24791K, committed 25088K, reserved 1114112K
  class space    used 2223K, committed 2368K, reserved 1048576K
}
Event: 578.909 {metaspace Before GC invocations=15 (full 0):
 Metaspace       used 24793K, committed 25088K, reserved 1114112K
  class space    used 2223K, committed 2368K, reserved 1048576K
}
Event: 578.916 {metaspace After GC invocations=16 (full 0):
 Metaspace       used 24793K, committed 25088K, reserved 1114112K
  class space    used 2223K, committed 2368K, reserved 1048576K
}
Event: 1713.051 {metaspace Before GC invocations=17 (full 0):
 Metaspace       used 24851K, committed 25152K, reserved 1114112K
  class space    used 2229K, committed 2368K, reserved 1048576K
}
Event: 1713.060 {metaspace After GC invocations=18 (full 0):
 Metaspace       used 24851K, committed 25152K, reserved 1114112K
  class space    used 2229K, committed 2368K, reserved 1048576K
}

Dll operation events (13 events):
Event: 0.011 Loaded shared library C:\Program Files\Java\jdk-25\bin\java.dll
Event: 0.055 Loaded shared library C:\Program Files\Java\jdk-25\bin\net.dll
Event: 0.058 Loaded shared library C:\Program Files\Java\jdk-25\bin\nio.dll
Event: 0.062 Loaded shared library C:\Program Files\Java\jdk-25\bin\zip.dll
Event: 0.108 Loaded shared library C:\Program Files\Java\jdk-25\bin\jimage.dll
Event: 0.120 Loaded shared library C:\Program Files\Java\jdk-25\bin\awt.dll
Event: 0.477 Loaded shared library C:\Program Files\Java\jdk-25\bin\freetype.dll
Event: 0.478 Loaded shared library C:\Program Files\Java\jdk-25\bin\fontmanager.dll
Event: 0.697 Loaded shared library C:\Program Files\Java\jdk-25\bin\javajpeg.dll
Event: 13.547 Loaded shared library C:\Program Files\Java\jdk-25\bin\extnet.dll
Event: 13.974 Loaded shared library C:\Program Files\Java\jdk-25\bin\sunmscapi.dll
Event: 15.564 Loaded shared library C:\Program Files\Java\jdk-25\bin\verify.dll
Event: 15.998 Loaded shared library C:\Program Files\Java\jdk-25\bin\jsound.dll

Deoptimization events (20 events):
Event: 578.919 Thread 0x000001ae84747350 Uncommon trap: trap_request=0xffffff45 fr.pc=0x000001aef14714c8 relative=0x0000000000000448
Event: 578.919 Thread 0x000001ae84747350 Uncommon trap: reason=unstable_if action=reinterpret pc=0x000001aef14714c8 method=sun.java2d.loops.RenderCache$Entry.matches(Lsun/java2d/loops/SurfaceType;Lsun/java2d/loops/CompositeType;Lsun/java2d/loops/SurfaceType;)Z @ 21 c2
Event: 578.919 Thread 0x000001ae84747350 DEOPT PACKING pc=0x000001aef14714c8 sp=0x000000415d1fdf40
Event: 578.919 Thread 0x000001ae84747350 DEOPT UNPACKING pc=0x000001aef0c6b282 sp=0x000000415d1fde68 mode 2
Event: 578.922 Thread 0x000001ae84747350 Uncommon trap: trap_request=0xffffff95 fr.pc=0x000001aef145933c relative=0x0000000000000c3c
Event: 578.922 Thread 0x000001ae84747350 Uncommon trap: reason=unreached action=reinterpret pc=0x000001aef145933c method=sun.java2d.pipe.BufferedRenderPipe.fillRect(Lsun/java2d/SunGraphics2D;IIII)V @ 89 c2
Event: 578.922 Thread 0x000001ae84747350 DEOPT PACKING pc=0x000001aef145933c sp=0x000000415d1fdf50
Event: 578.922 Thread 0x000001ae84747350 DEOPT UNPACKING pc=0x000001aef0c6b282 sp=0x000000415d1fdf18 mode 2
Event: 578.922 Thread 0x000001ae84747350 Uncommon trap: trap_request=0xffffff95 fr.pc=0x000001aef13d55c8 relative=0x0000000000000448
Event: 578.922 Thread 0x000001ae84747350 Uncommon trap: reason=unreached action=reinterpret pc=0x000001aef13d55c8 method=sun.java2d.SunGraphics2D.fillRect(IIII)V @ 25 c2
Event: 578.922 Thread 0x000001ae84747350 DEOPT PACKING pc=0x000001aef13d55c8 sp=0x000000415d1fdfe0
Event: 578.922 Thread 0x000001ae84747350 DEOPT UNPACKING pc=0x000001aef0c6b282 sp=0x000000415d1fdef0 mode 2
Event: 578.946 Thread 0x000001ae84747350 Uncommon trap: trap_request=0xffffff95 fr.pc=0x000001aef146fe7c relative=0x00000000000000fc
Event: 578.946 Thread 0x000001ae84747350 Uncommon trap: reason=unreached action=reinterpret pc=0x000001aef146fe7c method=sun.java2d.SunGraphics2D.fillRect(IIII)V @ 25 c2
Event: 578.946 Thread 0x000001ae84747350 DEOPT PACKING pc=0x000001aef146fe7c sp=0x000000415d1fdd40
Event: 578.946 Thread 0x000001ae84747350 DEOPT UNPACKING pc=0x000001aef0c6b282 sp=0x000000415d1fdcd8 mode 2
Event: 578.967 Thread 0x000001ae84747350 Uncommon trap: trap_request=0xffffff45 fr.pc=0x000001aef137d51c relative=0x000000000000041c
Event: 578.967 Thread 0x000001ae84747350 Uncommon trap: reason=unstable_if action=reinterpret pc=0x000001aef137d51c method=java.awt.geom.AffineTransform.transform([DI[DII)V @ 41 c2
Event: 578.967 Thread 0x000001ae84747350 DEOPT PACKING pc=0x000001aef137d51c sp=0x000000415d1fcd30
Event: 578.967 Thread 0x000001ae84747350 DEOPT UNPACKING pc=0x000001aef0c6b282 sp=0x000000415d1fcc90 mode 2

Classes loaded (20 events):
Event: 578.948 Loading class sun/awt/geom/PathConsumer2D done
Event: 578.948 Loading class sun/java2d/pipe/ShapeSpanIterator done
Event: 578.956 Loading class sun/java2d/loops/MaskBlit$General
Event: 578.956 Loading class sun/java2d/loops/GraphicsPrimitive$GeneralBinaryOp
Event: 578.956 Loading class sun/java2d/loops/GraphicsPrimitive$GeneralBinaryOp done
Event: 578.956 Loading class sun/java2d/loops/MaskBlit$General done
Event: 578.957 Loading class javax/swing/RepaintManager$DoubleBufferInfo
Event: 578.957 Loading class javax/swing/RepaintManager$DoubleBufferInfo done
Event: 578.958 Loading class sun/awt/image/OffScreenImage
Event: 578.958 Loading class sun/awt/image/OffScreenImage done
Event: 578.967 Loading class java/awt/GradientPaintContext
Event: 578.967 Loading class java/awt/PaintContext
Event: 578.967 Loading class java/awt/PaintContext done
Event: 578.967 Loading class java/awt/GradientPaintContext done
Event: 578.967 Loading class java/awt/geom/Point2D$Double
Event: 578.967 Loading class java/awt/geom/Point2D$Double done
Event: 578.968 Loading class sun/java2d/pipe/AlphaPaintPipe$TileContext
Event: 578.968 Loading class sun/java2d/pipe/AlphaPaintPipe$TileContext done
Event: 578.969 Loading class sun/java2d/SurfaceDataProxy$CountdownTracker
Event: 578.969 Loading class sun/java2d/SurfaceDataProxy$CountdownTracker done

Classes unloaded (0 events):
No events

Classes redefined (0 events):
No events

Internal exceptions (20 events):
Event: 13.421 Thread 0x000001ae84747350 Exception <a 'java/lang/NoSuchMethodError'{0x000000070ef625b8}: 'void java.lang.invoke.DirectMethodHandle$Holder.invokeStatic(java.lang.Object, java.lang.Object, java.lang.Object)'> (0x000000070ef625b8) 
thrown [s\open\src\hotspot\share\interpreter\linkResolver.cpp, line 804]
Event: 13.423 Thread 0x000001ae84747350 Exception <a 'java/lang/NoSuchMethodError'{0x000000070ef7a6c0}: 'java.lang.Object java.lang.invoke.DirectMethodHandle$Holder.invokeVirtual(java.lang.Object, java.lang.Object, java.lang.Object)'> (0x000000070ef7a6c0) 
thrown [s\open\src\hotspot\share\interpreter\linkResolver.cpp, line 804]
Event: 13.869 Thread 0x000001ae84747350 Exception <a 'java/lang/NoSuchMethodError'{0x000000071023e0c8}: 'void java.lang.invoke.DirectMethodHandle$Holder.invokeStaticInit(java.lang.Object, java.lang.Object)'> (0x000000071023e0c8) 
thrown [s\open\src\hotspot\share\interpreter\linkResolver.cpp, line 804]
Event: 13.905 Thread 0x000001ae84747350 Exception <a 'sun/nio/fs/WindowsException'{0x0000000710384518}> (0x0000000710384518) 
thrown [s\open\src\hotspot\share\prims\jni.cpp, line 516]
Event: 13.936 Thread 0x000001ae84747350 Exception <a 'java/lang/NoSuchMethodError'{0x000000071002df48}: 'java.lang.Object java.lang.invoke.DirectMethodHandle$Holder.invokeStaticInit(java.lang.Object, int, int, int, int)'> (0x000000071002df48) 
thrown [s\open\src\hotspot\share\interpreter\linkResolver.cpp, line 804]
Event: 13.955 Thread 0x000001ae84747350 Exception <a 'java/lang/NoSuchMethodError'{0x00000007100a73b8}: 'java.lang.Object java.lang.invoke.DirectMethodHandle$Holder.invokeStaticInit(java.lang.Object, java.lang.Object, int, int, int, int)'> (0x00000007100a73b8) 
thrown [s\open\src\hotspot\share\interpreter\linkResolver.cpp, line 804]
Event: 14.274 Thread 0x000001ae84747350 Exception <a 'java/lang/NoSuchMethodError'{0x000000070fe77440}: 'java.lang.Object java.lang.invoke.Invokers$Holder.invoke_MT(java.lang.Object, java.lang.Object, java.lang.Object, java.lang.Object, java.lang.Object, java.lang.Object)'> (0x000000070fe77440) 
thrown [s\open\src\hotspot\share\interpreter\linkResolver.cpp, line 804]
Event: 14.275 Thread 0x000001ae84747350 Exception <a 'java/lang/NoSuchMethodError'{0x000000070fe80400}: 'java.lang.Object java.lang.invoke.DirectMethodHandle$Holder.invokeStatic(java.lang.Object, java.lang.Object, int)'> (0x000000070fe80400) 
thrown [s\open\src\hotspot\share\interpreter\linkResolver.cpp, line 804]
Event: 14.278 Thread 0x000001ae84747350 Exception <a 'java/lang/NoSuchMethodError'{0x000000070fea1d58}: 'void java.lang.invoke.DelegatingMethodHandle$Holder.delegate(java.lang.Object, java.lang.Object, int, java.lang.Object)'> (0x000000070fea1d58) 
thrown [s\open\src\hotspot\share\interpreter\linkResolver.cpp, line 804]
Event: 15.940 Thread 0x000001ae84747350 Exception <a 'java/lang/NoSuchMethodError'{0x00000007030f3f08}: 'java.lang.Object java.lang.invoke.DelegatingMethodHandle$Holder.reinvoke_L(java.lang.Object, java.lang.Object, java.lang.Object, int, int, int, int, java.lang.Object, java.lang.Object, java.lang.Object)'> (0x00000007030f3f08) 
thrown [s\open\src\hotspot\share\interpreter\linkResolver.cpp, line 804]
Event: 15.943 Thread 0x000001ae84747350 Exception <a 'java/lang/NoSuchMethodError'{0x0000000702e2b6a0}: 'java.lang.Object java.lang.invoke.DelegatingMethodHandle$Holder.reinvoke_L(java.lang.Object, java.lang.Object, java.lang.Object, float, float, java.lang.Object, int, java.lang.Object, java.lang.Object, java.lang.Object)'> (0x0000000702e2b6a0) 
thrown [s\open\src\hotspot\share\interpreter\linkResolver.cpp, line 804]
Event: 15.974 Thread 0x000001ae846246c0 Exception <a 'java/lang/InterruptedException'{0x0000000702f2b750}: sleep interrupted> (0x0000000702f2b750) 
thrown [s\open\src\hotspot\share\prims\jvm.cpp, line 2882]
Event: 15.986 Thread 0x000001ae846246c0 Exception <a 'java/lang/InterruptedException'{0x0000000702f835a0}: sleep interrupted> (0x0000000702f835a0) 
thrown [s\open\src\hotspot\share\prims\jvm.cpp, line 2882]
Event: 23.108 Thread 0x000001ae846246c0 Exception <a 'java/lang/InterruptedException'{0x0000000702986dc8}: sleep interrupted> (0x0000000702986dc8) 
thrown [s\open\src\hotspot\share\prims\jvm.cpp, line 2882]
Event: 40.543 Thread 0x000001ae84747350 Implicit null exception at 0x000001aef12875d3 to 0x000001aef128c1b4
Event: 113.778 Thread 0x000001ae84747350 Implicit null exception at 0x000001aef1280ac7 to 0x000001aef128186c
Event: 113.780 Thread 0x000001ae84747350 Implicit null exception at 0x000001aef1329a38 to 0x000001aef1329ce8
Event: 113.803 Thread 0x000001ae84747350 Exception <a 'java/lang/NoSuchMethodError'{0x000000070f590c70}: 'int java.lang.invoke.DirectMethodHandle$Holder.invokeStatic(java.lang.Object)'> (0x000000070f590c70) 
thrown [s\open\src\hotspot\share\interpreter\linkResolver.cpp, line 804]
Event: 575.431 Thread 0x000001aeffee0c60 Implicit null exception at 0x000001aef1358049 to 0x000001aef1358328
Event: 577.304 Thread 0x000001ae84747350 Exception <a 'java/lang/NoSuchMethodError'{0x000000070f476b28}: 'void java.lang.invoke.DelegatingMethodHandle$Holder.reinvoke_L(java.lang.Object, java.lang.Object, java.lang.Object, long, float)'> (0x000000070f476b28) 
thrown [s\open\src\hotspot\share\interpreter\linkResolver.cpp, line 804]

VM Operations (20 events):
Event: 578.313 Executing safepoint VM operation: G1PauseCleanup
Event: 578.313 Executing safepoint VM operation: G1PauseCleanup done
Event: 578.438 Executing safepoint VM operation: G1CollectForAllocation (G1 Evacuation Pause)
Event: 578.444 Executing safepoint VM operation: G1CollectForAllocation (G1 Evacuation Pause) done
Event: 578.805 Executing safepoint VM operation: G1CollectForAllocation (G1 Evacuation Pause)
Event: 578.815 Executing safepoint VM operation: G1CollectForAllocation (G1 Evacuation Pause) done
Event: 578.909 Executing safepoint VM operation: G1TryInitiateConcMark (G1 Humongous Allocation)
Event: 578.916 Executing safepoint VM operation: G1TryInitiateConcMark (G1 Humongous Allocation) done
Event: 578.959 Executing non-safepoint VM operation: HandshakeAllThreads (Deoptimize)
Event: 578.959 Executing non-safepoint VM operation: HandshakeAllThreads (Deoptimize) done
Event: 578.995 Executing safepoint VM operation: G1PauseRemark
Event: 578.999 Executing safepoint VM operation: G1PauseRemark done
Event: 579.034 Executing safepoint VM operation: G1PauseCleanup
Event: 579.034 Executing safepoint VM operation: G1PauseCleanup done
Event: 601.335 Executing non-safepoint VM operation: HandshakeAllThreads (HandshakeForDeflation)
Event: 601.335 Executing non-safepoint VM operation: HandshakeAllThreads (HandshakeForDeflation) done
Event: 601.335 Executing non-safepoint VM operation: RendezvousGCThreads
Event: 601.335 Executing non-safepoint VM operation: RendezvousGCThreads done
Event: 1713.051 Executing safepoint VM operation: G1CollectForAllocation (G1 Evacuation Pause)
Event: 1713.060 Executing safepoint VM operation: G1CollectForAllocation (G1 Evacuation Pause) done

Memory protections (0 events):
No events

Nmethod flushes (20 events):
Event: 578.998 Thread 0x000001aeffa5d710 flushing  nmethod 0x000001aee9cde288
Event: 578.998 Thread 0x000001aeffa5d710 flushing  nmethod 0x000001aee9d04e08
Event: 578.998 Thread 0x000001aeffa5d710 flushing  nmethod 0x000001aee9d0d488
Event: 578.998 Thread 0x000001aeffa5d710 flushing  nmethod 0x000001aee9d0da08
Event: 578.998 Thread 0x000001aeffa5d710 flushing  nmethod 0x000001aee9d8b308
Event: 578.998 Thread 0x000001aeffa5d710 flushing  nmethod 0x000001aee9e24008
Event: 578.998 Thread 0x000001aeffa5d710 flushing  nmethod 0x000001aee9e8a988
Event: 578.998 Thread 0x000001aeffa5d710 flushing  nmethod 0x000001aeea034a08
Event: 578.998 Thread 0x000001aeffa5d710 flushing  nmethod 0x000001aeea074c88
Event: 578.998 Thread 0x000001aeffa5d710 flushing  nmethod 0x000001aeea076088
Event: 578.998 Thread 0x000001aeffa5d710 flushing  nmethod 0x000001aeea076508
Event: 578.998 Thread 0x000001aeffa5d710 flushing  nmethod 0x000001aeea078e88
Event: 578.998 Thread 0x000001aeffa5d710 flushing  nmethod 0x000001aeea079a88
Event: 578.998 Thread 0x000001aeffa5d710 flushing  nmethod 0x000001aeea09c008
Event: 578.998 Thread 0x000001aeffa5d710 flushing  nmethod 0x000001aeea0b0288
Event: 578.998 Thread 0x000001aeffa5d710 flushing  nmethod 0x000001aeea0b1908
Event: 578.998 Thread 0x000001aeffa5d710 flushing  nmethod 0x000001aeea0b2108
Event: 578.998 Thread 0x000001aeffa5d710 flushing  nmethod 0x000001aeea0b3208
Event: 578.998 Thread 0x000001aeffa5d710 flushing  nmethod 0x000001aeea0b3b88
Event: 578.998 Thread 0x000001aeffa5d710 flushing  nmethod 0x000001aeea0b7508

Events (20 events):
Event: 35.164 Thread 0x000001ae8a7879d0 Thread exited: 0x000001ae8a7879d0
Event: 45.858 Thread 0x000001ae84747350 Thread added: 0x000001ae8affb090
Event: 109.493 Thread 0x000001aeffa851f0 Thread added: 0x000001ae8a7879d0
Event: 110.754 Thread 0x000001ae8a7879d0 Thread exited: 0x000001ae8a7879d0
Event: 113.777 Thread 0x000001ae84747350 Thread added: 0x000001aeffb9d670
Event: 118.778 Thread 0x000001aeffb9d670 Thread exited: 0x000001aeffb9d670
Event: 165.146 Thread 0x000001aeffa8d6e0 Thread added: 0x000001ae8a7861a0
Event: 165.491 Thread 0x000001ae8a7861a0 Thread exited: 0x000001ae8a7861a0
Event: 167.088 Thread 0x000001aeffa8d6e0 Thread added: 0x000001ae8a7879d0
Event: 167.595 Thread 0x000001ae8a7879d0 Thread exited: 0x000001ae8a7879d0
Event: 167.737 Thread 0x000001aeffa8d6e0 Thread added: 0x000001ae8a7879d0
Event: 168.219 Thread 0x000001ae8a7879d0 Thread exited: 0x000001ae8a7879d0
Event: 169.352 Thread 0x000001aeffa8d6e0 Thread added: 0x000001ae8a78a220
Event: 170.739 Thread 0x000001ae8a78a220 Thread exited: 0x000001ae8a78a220
Event: 175.608 Thread 0x000001ae84747350 Thread added: 0x000001aeffb997f0
Event: 180.609 Thread 0x000001aeffb997f0 Thread exited: 0x000001aeffb997f0
Event: 577.286 Thread 0x000001aeffa8d6e0 Thread added: 0x000001ae8a784160
Event: 577.553 Thread 0x000001ae8a784160 Thread exited: 0x000001ae8a784160
Event: 578.595 Thread 0x000001aeffa8d6e0 Thread added: 0x000001ae8a785990
Event: 584.062 Thread 0x000001ae8a785990 Thread exited: 0x000001ae8a785990


Dynamic libraries:
0x00007ff75c390000 - 0x00007ff75c3a0000 	C:\Program Files\Java\jdk-25\bin\java.exe
0x00007fffa8d50000 - 0x00007fffa8f48000 	C:\Windows\SYSTEM32\ntdll.dll
0x00007fffa7980000 - 0x00007fffa7a42000 	C:\Windows\System32\KERNEL32.DLL
0x00007fffa68d0000 - 0x00007fffa6bce000 	C:\Windows\System32\KERNELBASE.dll
0x00007fffa6bd0000 - 0x00007fffa6cd0000 	C:\Windows\System32\ucrtbase.dll
0x00007fff31600000 - 0x00007fff3161e000 	C:\Program Files\Java\jdk-25\bin\VCRUNTIME140.dll
0x00007fff31680000 - 0x00007fff31697000 	C:\Program Files\Java\jdk-25\bin\jli.dll
0x00007fffa8af0000 - 0x00007fffa8c8d000 	C:\Windows\System32\USER32.dll
0x00007fffa6780000 - 0x00007fffa67a2000 	C:\Windows\System32\win32u.dll
0x00007fff83490000 - 0x00007fff8372a000 	C:\Windows\WinSxS\amd64_microsoft.windows.common-controls_6595b64144ccf1df_6.0.19041.4355_none_60b8b9eb71f62e16\COMCTL32.dll
0x00007fffa81c0000 - 0x00007fffa81eb000 	C:\Windows\System32\GDI32.dll
0x00007fffa8310000 - 0x00007fffa83ae000 	C:\Windows\System32\msvcrt.dll
0x00007fffa67b0000 - 0x00007fffa68c7000 	C:\Windows\System32\gdi32full.dll
0x00007fffa66e0000 - 0x00007fffa677d000 	C:\Windows\System32\msvcp_win.dll
0x00007fffa6db0000 - 0x00007fffa6ddf000 	C:\Windows\System32\IMM32.DLL
0x00007fff315f0000 - 0x00007fff315fc000 	C:\Program Files\Java\jdk-25\bin\vcruntime140_1.dll
0x00007fff31560000 - 0x00007fff315ed000 	C:\Program Files\Java\jdk-25\bin\msvcp140.dll
0x00007fff2e940000 - 0x00007fff2f79f000 	C:\Program Files\Java\jdk-25\bin\server\jvm.dll
0x00007fffa78c0000 - 0x00007fffa7971000 	C:\Windows\System32\ADVAPI32.dll
0x00007fffa8600000 - 0x00007fffa869f000 	C:\Windows\System32\sechost.dll
0x00007fffa8940000 - 0x00007fffa8a63000 	C:\Windows\System32\RPCRT4.dll
0x00007fffa6640000 - 0x00007fffa6667000 	C:\Windows\System32\bcrypt.dll
0x00007fffa7230000 - 0x00007fffa729b000 	C:\Windows\System32\WS2_32.dll
0x00007fffa0100000 - 0x00007fffa010a000 	C:\Windows\SYSTEM32\VERSION.dll
0x00007fff9d5c0000 - 0x00007fff9d5e7000 	C:\Windows\SYSTEM32\WINMM.dll
0x00007fffa59c0000 - 0x00007fffa5a0b000 	C:\Windows\SYSTEM32\POWRPROF.dll
0x00007fffa5830000 - 0x00007fffa5842000 	C:\Windows\SYSTEM32\UMPDC.dll
0x00007fffa42d0000 - 0x00007fffa42e2000 	C:\Windows\SYSTEM32\kernel.appcore.dll
0x00007fff314e0000 - 0x00007fff314ea000 	C:\Program Files\Java\jdk-25\bin\jimage.dll
0x00007fffa08d0000 - 0x00007fffa0ab4000 	C:\Windows\SYSTEM32\DBGHELP.DLL
0x00007fff9cf30000 - 0x00007fff9cf64000 	C:\Windows\SYSTEM32\dbgcore.DLL
0x00007fffa6cd0000 - 0x00007fffa6d52000 	C:\Windows\System32\bcryptPrimitives.dll
0x00007fff314b0000 - 0x00007fff314cf000 	C:\Program Files\Java\jdk-25\bin\java.dll
0x00007fffa72a0000 - 0x00007fffa73cb000 	C:\Windows\System32\ole32.dll
0x00007fffa6de0000 - 0x00007fffa7133000 	C:\Windows\System32\combase.dll
0x00007fffa7a50000 - 0x00007fffa81bd000 	C:\Windows\System32\SHELL32.dll
0x00007fffa44d0000 - 0x00007fffa4c74000 	C:\Windows\SYSTEM32\windows.storage.dll
0x00007fffa5e60000 - 0x00007fffa5e8e000 	C:\Windows\SYSTEM32\Wldp.dll
0x00007fffa8410000 - 0x00007fffa84dd000 	C:\Windows\System32\OLEAUT32.dll
0x00007fffa8ca0000 - 0x00007fffa8d4d000 	C:\Windows\System32\SHCORE.dll
0x00007fffa8200000 - 0x00007fffa8255000 	C:\Windows\System32\shlwapi.dll
0x00007fffa6360000 - 0x00007fffa6384000 	C:\Windows\SYSTEM32\profapi.dll
0x00007fff31130000 - 0x00007fff31142000 	C:\Program Files\Java\jdk-25\bin\net.dll
0x00007fffa5bc0000 - 0x00007fffa5c2a000 	C:\Windows\system32\mswsock.dll
0x00007fff310f0000 - 0x00007fff31106000 	C:\Program Files\Java\jdk-25\bin\nio.dll
0x00007fff310d0000 - 0x00007fff310e7000 	C:\Program Files\Java\jdk-25\bin\zip.dll
0x00007fff85470000 - 0x00007fff855f4000 	C:\Program Files\Java\jdk-25\bin\awt.dll
0x00007fffa3a40000 - 0x00007fffa3ad4000 	C:\Windows\SYSTEM32\apphelp.dll
0x00007fffa41c0000 - 0x00007fffa41ef000 	C:\Windows\system32\DWMAPI.DLL
0x00007fffa3e10000 - 0x00007fffa3eae000 	C:\Windows\system32\uxtheme.dll
0x00007fff31fe0000 - 0x00007fff32108000 	C:\Windows\system32\opengl32.dll
0x00007fff30690000 - 0x00007fff306bc000 	C:\Windows\SYSTEM32\GLU32.dll
0x00007fffa84e0000 - 0x00007fffa85f5000 	C:\Windows\System32\MSCTF.dll
0x00007fffa6d60000 - 0x00007fffa6dae000 	C:\Windows\System32\cfgmgr32.dll
0x00007fffa0af0000 - 0x00007fffa0b2b000 	C:\Windows\SYSTEM32\dxcore.dll
0x00007fff6bf70000 - 0x00007fff6bff7000 	C:\Program Files\Java\jdk-25\bin\freetype.dll
0x00007fff6b360000 - 0x00007fff6b44e000 	C:\Program Files\Java\jdk-25\bin\fontmanager.dll
0x00007fffa8260000 - 0x00007fffa8309000 	C:\Windows\System32\clbcatq.dll
0x00007fffa3bb0000 - 0x00007fffa3d64000 	C:\Windows\SYSTEM32\WindowsCodecs.dll
0x00007fff7f9d0000 - 0x00007fff7fa0e000 	C:\Windows\system32\dataexchange.dll
0x00007fffa2c00000 - 0x00007fffa2de4000 	C:\Windows\system32\dcomp.dll
0x00007fffa1c10000 - 0x00007fffa1e73000 	C:\Windows\system32\d3d11.dll
0x00007fffa4cc0000 - 0x00007fffa4db6000 	C:\Windows\system32\dxgi.dll
0x00007fff95e10000 - 0x00007fff96013000 	C:\Windows\system32\twinapi.appcore.dll
0x00007fff74a80000 - 0x00007fff74ab0000 	C:\Program Files\Java\jdk-25\bin\javajpeg.dll
0x00007fff95b40000 - 0x00007fff95c39000 	C:\Windows\SYSTEM32\textinputframework.dll
0x00007fffa3500000 - 0x00007fffa35f2000 	C:\Windows\System32\CoreMessaging.dll
0x00007fffa3180000 - 0x00007fffa34db000 	C:\Windows\System32\CoreUIComponents.dll
0x00007fffa56c0000 - 0x00007fffa56f3000 	C:\Windows\SYSTEM32\ntmarta.dll
0x00007fffa2a80000 - 0x00007fffa2bd7000 	C:\Windows\SYSTEM32\wintypes.dll
0x00007fffa58a0000 - 0x00007fffa596a000 	C:\Windows\SYSTEM32\DNSAPI.dll
0x00007fffa5850000 - 0x00007fffa588b000 	C:\Windows\SYSTEM32\IPHLPAPI.DLL
0x00007fffa7140000 - 0x00007fffa7148000 	C:\Windows\System32\NSI.dll
0x00007fff9f6d0000 - 0x00007fff9f6da000 	C:\Windows\System32\rasadhlp.dll
0x00007fff9f190000 - 0x00007fff9f210000 	C:\Windows\System32\fwpuclnt.dll
0x00007fff9d0b0000 - 0x00007fff9d0b9000 	C:\Program Files\Java\jdk-25\bin\extnet.dll
0x00007fffa5db0000 - 0x00007fffa5dc8000 	C:\Windows\SYSTEM32\CRYPTSP.dll
0x00007fffa5470000 - 0x00007fffa54a4000 	C:\Windows\system32\rsaenh.dll
0x00007fffa6320000 - 0x00007fffa634e000 	C:\Windows\SYSTEM32\USERENV.dll
0x00007fffa5dd0000 - 0x00007fffa5ddc000 	C:\Windows\SYSTEM32\CRYPTBASE.dll
0x00007fff9d140000 - 0x00007fff9d14e000 	C:\Program Files\Java\jdk-25\bin\sunmscapi.dll
0x00007fffa64e0000 - 0x00007fffa663c000 	C:\Windows\System32\CRYPT32.dll
0x00007fffa5ed0000 - 0x00007fffa5ef7000 	C:\Windows\SYSTEM32\ncrypt.dll
0x00007fffa5e90000 - 0x00007fffa5ecb000 	C:\Windows\SYSTEM32\NTASN1.dll
0x00007fff30d00000 - 0x00007fff30d10000 	C:\Program Files\Java\jdk-25\bin\verify.dll
0x00007fff902c0000 - 0x00007fff902d2000 	C:\Program Files\Java\jdk-25\bin\jsound.dll
0x00007fff2d870000 - 0x00007fff2d90c000 	C:\Windows\SYSTEM32\DSOUND.dll
0x00007fff798d0000 - 0x00007fff798f6000 	C:\Windows\SYSTEM32\winmmbase.dll
0x00007fff9f770000 - 0x00007fff9f7f5000 	C:\Windows\System32\MMDevApi.dll
0x00007fffa6010000 - 0x00007fffa6043000 	C:\Windows\System32\DEVOBJ.dll
0x00007fffa50f0000 - 0x00007fffa514b000 	C:\Windows\SYSTEM32\winsta.dll
0x00007fff83830000 - 0x00007fff8387e000 	C:\Windows\SYSTEM32\rdpendp.dll
0x00007fff9fa90000 - 0x00007fff9fb86000 	C:\Windows\SYSTEM32\PROPSYS.dll
0x00007fffa17a0000 - 0x00007fffa17b4000 	C:\Windows\SYSTEM32\WTSAPI32.dll
0x00007fff30d30000 - 0x00007fff30d76000 	C:\Windows\SYSTEM32\wdmaud.drv
0x00007fffa0600000 - 0x00007fffa0609000 	C:\Windows\SYSTEM32\ksuser.dll
0x00007fff98ea0000 - 0x00007fff98eaa000 	C:\Windows\SYSTEM32\AVRT.dll
0x00007fff80cc0000 - 0x00007fff80e41000 	C:\Windows\SYSTEM32\AUDIOSES.DLL
0x00007fff30c50000 - 0x00007fff30c5d000 	C:\Windows\SYSTEM32\msacm32.drv
0x00007fff30990000 - 0x00007fff309ae000 	C:\Windows\SYSTEM32\MSACM32.dll
0x00007fff30950000 - 0x00007fff3095b000 	C:\Windows\SYSTEM32\midimap.dll
0x00007fffa3df0000 - 0x00007fffa3e04000 	C:\Windows\SYSTEM32\resourcepolicyclient.dll
0x00007fff95c40000 - 0x00007fff95d7f000 	C:\Windows\System32\Windows.UI.dll
0x00007fff96060000 - 0x00007fff96101000 	C:\Windows\System32\WindowManagementAPI.dll
0x00007fff959e0000 - 0x00007fff95b32000 	C:\Windows\System32\InputHost.dll
0x00007fff9c620000 - 0x00007fff9c80c000 	C:\Windows\SYSTEM32\urlmon.dll
0x00007fff9c2b0000 - 0x00007fff9c2d8000 	C:\Windows\SYSTEM32\srvcli.dll
0x00007fff9bf00000 - 0x00007fff9c1be000 	C:\Windows\SYSTEM32\iertutil.dll
0x00007fffa5890000 - 0x00007fffa589c000 	C:\Windows\SYSTEM32\netutils.dll
0x00007fff8f1a0000 - 0x00007fff8f1bd000 	C:\Windows\System32\Windows.Shell.ServiceHostBuilder.dll
0x00007fff9ab40000 - 0x00007fff9b314000 	C:\Windows\System32\OneCoreUAPCommonProxyStub.dll
0x00007fff7da80000 - 0x00007fff7e1ec000 	C:\Windows\System32\ieframe.dll
0x00007fffa02d0000 - 0x00007fffa03dd000 	C:\Windows\System32\WINHTTP.dll
0x00007fff93a90000 - 0x00007fff93aa9000 	C:\Windows\System32\NETAPI32.dll
0x00007fffa5590000 - 0x00007fffa55a9000 	C:\Windows\System32\WKSCLI.DLL
0x00007fff92e50000 - 0x00007fff92f96000 	C:\Windows\System32\Windows.StateRepositoryPS.dll
0x00007fff89820000 - 0x00007fff89844000 	C:\Windows\SYSTEM32\edputil.dll
0x00007fff9d600000 - 0x00007fff9d60c000 	C:\Windows\SYSTEM32\Secur32.dll
0x00007fffa62e0000 - 0x00007fffa6312000 	C:\Windows\SYSTEM32\SSPICLI.DLL
0x00007fff7b5b0000 - 0x00007fff7b5f2000 	C:\Windows\SYSTEM32\MLANG.dll
0x00007fff83cc0000 - 0x00007fff84198000 	C:\Windows\SYSTEM32\WININET.dll
0x00007fff75c50000 - 0x00007fff75c9a000 	C:\Windows\System32\Windows.UI.AppDefaults.dll
0x00007fffa1600000 - 0x00007fffa16a1000 	C:\Windows\SYSTEM32\policymanager.dll
0x00007fffa5500000 - 0x00007fffa558a000 	C:\Windows\SYSTEM32\msvcp110_win.dll
0x00007fff8d390000 - 0x00007fff8d40f000 	C:\Windows\System32\OneCoreCommonProxyStub.dll

JVMTI agents: none

dbghelp: loaded successfully - version: 4.0.5 - missing functions: none
symbol engine: initialized successfully - sym options: 0x614 - pdb path: .;C:\Program Files\Java\jdk-25\bin;C:\Windows\SYSTEM32;C:\Windows\WinSxS\amd64_microsoft.windows.common-controls_6595b64144ccf1df_6.0.19041.4355_none_60b8b9eb71f62e16;C:\Program Files\Java\jdk-25\bin\server;C:\Windows\System32\DriverStore\FileRepository\u0417877.inf_amd64_8b2c2b61b3f8a9e5\B417004

VM Arguments:
jvm_args: -Dfile.encoding=UTF-8 
java_command: IGU.Index
java_class_path (initial): C:\Program Files\netbeans\java\modules\ext\AbsoluteLayout.jar;P:\PROGRAMA TEST\CVAM.Project 16-11-2024 - Final Roles;P:\PROGRAMA TEST\CVAM.Project 16-11-2024 - Final Roles - copia\librerias\jcalendar-1.1.4.jar;C:\mysql-connector-j-9.4.0.jar;P:\PROGRAMA TEST\CVAM.Project 16-11-2024 - Final Roles - copia\build\classes
Launcher Type: SUN_STANDARD

[Global flags]
     intx CICompilerCount                          = 3                                         {product} {ergonomic}
     uint ConcGCThreads                            = 1                                         {product} {ergonomic}
     uint G1ConcRefinementThreads                  = 4                                         {product} {ergonomic}
   size_t G1HeapRegionSize                         = 2097152                                   {product} {ergonomic}
   size_t InitialHeapSize                          = 268435456                                 {product} {ergonomic}
   size_t MarkStackSize                            = 4194304                                   {product} {ergonomic}
   size_t MarkStackSizeMax                         = 536870912                                 {product} {ergonomic}
   size_t MaxHeapSize                              = 4286578688                                {product} {ergonomic}
   size_t MaxNewSize                               = 2571108352                                {product} {ergonomic}
   size_t MinHeapDeltaBytes                        = 2097152                                   {product} {ergonomic}
   size_t MinHeapSize                              = 8388608                                   {product} {ergonomic}
    uintx NonNMethodCodeHeapSize                   = 5832704                                {pd product} {ergonomic}
    uintx NonProfiledCodeHeapSize                  = 122945536                              {pd product} {ergonomic}
    uintx ProfiledCodeHeapSize                     = 122880000                              {pd product} {ergonomic}
    uintx ReservedCodeCacheSize                    = 251658240                              {pd product} {ergonomic}
     bool SegmentedCodeCache                       = true                                      {product} {ergonomic}
   size_t SoftMaxHeapSize                          = 4286578688                             {manageable} {ergonomic}
     bool UseCompressedOops                        = true                           {product lp64_product} {ergonomic}
     bool UseG1GC                                  = true                                      {product} {ergonomic}
     bool UseLargePagesIndividualAllocation        = false                                  {pd product} {ergonomic}

Logging:
Log output configuration:
 #0: stdout all=warning uptime,level,tags foldmultilines=false
 #1: stderr all=off uptime,level,tags foldmultilines=false

Release file:
IMPLEMENTOR="Oracle Corporation" 
JAVA_RUNTIME_VERSION="25+37-LTS-3491" 
JAVA_VERSION="25" 
JAVA_VERSION_DATE="2025-09-16" 
LIBC="default" 
MODULES="java.base java.compiler java.datatransfer java.xml java.prefs java.desktop java.instrument java.logging java.management java.security.sasl java.naming java.rmi java.management.rmi java.net.http java.scripting java.security.jgss java.transaction.xa java.sql java.sql.rowset java.xml.crypto java.se java.smartcardio jdk.accessibility jdk.internal.jvmstat jdk.attach jdk.charsets jdk.internal.opt jdk.zipfs jdk.compiler jdk.crypto.cryptoki jdk.crypto.ec jdk.crypto.mscapi jdk.dynalink jdk.internal.ed jdk.editpad jdk.internal.vm.ci jdk.graal.compiler jdk.graal.compiler.management jdk.hotspot.agent jdk.httpserver jdk.incubator.vector jdk.internal.le jdk.internal.md jdk.jartool jdk.javadoc jdk.jcmd jdk.management jdk.management.agent jdk.jconsole jdk.jdeps jdk.jdwp.agent jdk.jdi jdk.jfr jdk.jlink jdk.jpackage jdk.jshell jdk.jsobject jdk.jstatd jdk.localedata jdk.management.jfr jdk.naming.dns jdk.naming.rmi jdk.net jdk.nio.mapmode jdk.sctp jdk.security.auth jdk.security.jgss jdk.unsupported jdk.unsupported.desktop jdk.xml.dom" 
OS_ARCH="x86_64" 
OS_NAME="Windows" 
SOURCE=".:git:49d6a23b8806 open:git:6c48f4ed707b" 

Environment Variables:
JAVA_HOME=C:\Program Files\Java\jdk-25\bin
PATH=C:\Program Files\Common Files\Oracle\Java\javapath;C:\Program Files\Python313\Scripts\;C:\Program Files\Python313\;C:\Program Files\Eclipse Adoptium\jre-8.0.462.8-hotspot\bin;C:\Windows\system32;C:\Windows;C:\Windows\System32\Wbem;C:\Windows\System32\WindowsPowerShell\v1.0\;C:\Windows\System32\OpenSSH\;C:\Program Files\Microsoft VS Code\bin;C:\Program Files\nodejs\;C:\Program Files\Java\jdk-25\bin;C:\Users\Chrys\AppData\Local\Microsoft\WindowsApps;C:\Users\Chrys\AppData\Roaming\npm;C:\Program Files\Java\jdk-25\bin;
USERNAME=Chrys
OS=Windows_NT
PROCESSOR_IDENTIFIER=Intel64 Family 6 Model 42 Stepping 7, GenuineIntel
TMP=C:\Users\Chrys\AppData\Local\Temp
TEMP=C:\Users\Chrys\AppData\Local\Temp




Compilation memory statistics disabled.

Periodic native trim disabled

---------------  S Y S T E M  ---------------

OS:
 Windows 10 , 64 bit Build 19041 (10.0.19041.5072)
OS uptime: 0 days 3:55 hours

CPU: total 4 (initial active 4) (4 cores per cpu, 1 threads per core) family 6 model 42 stepping 7 microcode 0x2f, cx8, cmov, fxsr, mmx, sse, sse2, sse3, ssse3, sse4.1, sse4.2, popcnt, tsc, tscinvbit, avx, aes, clmul, vzeroupper, clflush, rdtscp
Processor Information for the first 4 processors :
  Max Mhz: 3101, Current Mhz: 3101, Mhz Limit: 3101

Memory: 4k page, system-wide physical 16345M (6492M free)
TotalPageFile size 27609M (AvailPageFile size 14664M)
current process WorkingSet (physical memory assigned to process): 248M, peak: 278M
current process commit charge ("private bytes"): 284M, peak: 428M

vm_info: Java HotSpot(TM) 64-Bit Server VM (25+37-LTS-3491) for windows-amd64 JRE (25+37-LTS-3491), built on 2025-08-14T21:13:00Z with unknown MS VC++:1943

END.
